INFO[08/29/2017 04:16:22 PM]: Archvo de log creado
INFO[08/29/2017 04:16:22 PM]:  * Running on http://0.0.0.0:8888/ (Press CTRL+C to quit)
INFO[08/29/2017 04:16:22 PM]:  * Restarting with stat
INFO[08/29/2017 04:16:23 PM]: Archvo de log creado
WARNING[08/29/2017 04:16:23 PM]:  * Debugger is active!
INFO[08/29/2017 04:16:23 PM]:  * Debugger PIN: 246-074-871
INFO[08/29/2017 04:16:51 PM]: 127.0.0.1 - - [29/Aug/2017 16:16:51] "GET / HTTP/1.1" 200 -
INFO[08/29/2017 04:16:52 PM]: 127.0.0.1 - - [29/Aug/2017 16:16:52] "GET /static/stylepathology.css HTTP/1.1" 304 -
INFO[08/29/2017 04:16:54 PM]: 127.0.0.1 - - [29/Aug/2017 16:16:54] "GET /static/pathology_logo.png HTTP/1.1" 304 -
INFO[08/29/2017 04:16:54 PM]: 127.0.0.1 - - [29/Aug/2017 16:16:54] "GET /static/fondo.jpg HTTP/1.1" 304 -
INFO[08/29/2017 04:16:57 PM]: 127.0.0.1 - - [29/Aug/2017 16:16:57] "GET /favicon.ico HTTP/1.1" 404 -
INFO[08/29/2017 04:16:58 PM]: Ingresando en la vista principal de la busqueda
INFO[08/29/2017 04:16:58 PM]: 127.0.0.1 - - [29/Aug/2017 16:16:58] "GET /search HTTP/1.1" 200 -
INFO[08/29/2017 04:16:58 PM]: 127.0.0.1 - - [29/Aug/2017 16:16:58] "GET /static/stylesearchpatho.css HTTP/1.1" 304 -
INFO[08/29/2017 04:18:04 PM]: Ingresando en la vista principal de la busqueda
INFO[08/29/2017 04:18:04 PM]: 127.0.0.1 - - [29/Aug/2017 16:18:04] "GET /search HTTP/1.1" 200 -
INFO[08/29/2017 04:18:27 PM]: Ingresando en la peticion para busqueda
INFO[08/29/2017 04:18:27 PM]: palabra buscada: formol
INFO[08/29/2017 04:18:27 PM]: Obteniendo ambiente de lucene en busqueda
INFO[08/29/2017 04:18:27 PM]: Creando hilo en el ambiente en busqueda
INFO[08/29/2017 04:18:27 PM]: Llamando a SimpleFSDirectory
INFO[08/29/2017 04:18:27 PM]: Llamando a IndexSearcher
INFO[08/29/2017 04:18:27 PM]: Llamando a StandardAnalyzer
INFO[08/29/2017 04:18:27 PM]: Buscando palabra: formol
INFO[08/29/2017 04:18:27 PM]: Obteniendo la lista de nombres: [[u'pato3.pdf', u'pathologyIndexer_Data/pato3.pdf', u' \nnormal. \n\nDESCRIPCI\xd3N MACROSC\xd3PICA\n\nEspecimen A) Rotulado "Exoc\xe9rvix": En <B>formol</B> se recibe un fragmento que mide 0.4 x 0.4 x 0.3 cm. Se procesa todo.\nEspecimen B) Rotulado "Endoc\xe9rvix": En <B>formol</B> se... MACROSC\xd3PICA\n\nEspecimen A) Rotulado "Exoc\xe9rvix": En <B>formol</B> se recibe un fragmento que mide 0.4 x 0.3 x 0.3'], [u'pato4.pdf', u'pathologyIndexer_Data/pato4.pdf', u'. \n\nDESCRIPCI\xd3N MACROSC\xd3PICA\n\nEsp\xe9cimen A) En <B>formol</B> se recibe un \xfatero que pesa 166 g. El di\xe1metro mayor en... izquierdo. \nEsp\xe9cimen B) En <B>formol</B> se recibe un fragmento de tejido, alargado, color pardo viol\xe1ceo, que... cuales \nmide 0.5 cm de di\xe1metro. Se procesan cortes representativos. \nEsp\xe9cimen D) En <B>formol</B> se recibe'], [u'pato1.pdf', u'pathologyIndexer_Data/pato1.pdf', u'. \n\nDESCRIPCI\xd3N MACROSC\xd3PICA\n\nEspecimen A) Rotulado "Exoc\xe9rvix": En <B>formol</B> se recibe un fragmento que mide 0.3 x 0.3 x 0.2 cm. Se procesa todo.\nEspecimen B) Rotulado "Endoc\xe9rvix": En <B>formol</B> se recibe varios'], [u'pato2.pdf', u'pathologyIndexer_Data/pato2.pdf', u') Mucosa duodenal normal. \n\nDESCRIPCI\xd3N MACROSC\xd3PICA\n\nEsp\xe9cimen A) En <B>formol</B> se recibe 14 fragmentos de... <B>formol</B> se recibe 3 fragmentos de tejido caracterizados microsc\xf3picamente como mucosa duodenal. \nSe... libres de compromiso.\n\nDESCRIPCI\xd3N MACROSC\xd3PICA\n\nEsp\xe9cimen A) En <B>formol</B> se recibe producto de']]
INFO[08/29/2017 04:18:27 PM]: Renderizando template de busqueda con resultado
INFO[08/29/2017 04:18:27 PM]: 127.0.0.1 - - [29/Aug/2017 16:18:27] "POST /search HTTP/1.1" 200 -
INFO[08/29/2017 04:18:55 PM]: Ingresando en la peticion para busqueda
INFO[08/29/2017 04:18:55 PM]: palabra buscada: Cervicitis
INFO[08/29/2017 04:18:55 PM]: Obteniendo ambiente de lucene en busqueda
INFO[08/29/2017 04:18:55 PM]: Creando hilo en el ambiente en busqueda
INFO[08/29/2017 04:18:55 PM]: Llamando a SimpleFSDirectory
INFO[08/29/2017 04:18:55 PM]: Llamando a IndexSearcher
INFO[08/29/2017 04:18:55 PM]: Llamando a StandardAnalyzer
INFO[08/29/2017 04:18:55 PM]: Buscando palabra: Cervicitis
INFO[08/29/2017 04:18:55 PM]: Obteniendo la lista de nombres: [[u'pato3.pdf', u'pathologyIndexer_Data/pato3.pdf', u') Rotulado "Endoc\xe9rvix". Legrado endocervical biopsias.\n\nEsp\xe9cimen A) <B>Cervicitis</B> aguda. Cambios...\n\nEsp\xe9cimen A) <B>Cervicitis</B> aguda, sin otra especificaci\xf3n. Cambios reparativos del \nepitelio escamoso']]
INFO[08/29/2017 04:18:55 PM]: Renderizando template de busqueda con resultado
INFO[08/29/2017 04:18:55 PM]: 127.0.0.1 - - [29/Aug/2017 16:18:55] "POST /search HTTP/1.1" 200 -
INFO[08/29/2017 04:19:20 PM]: Ingresando en la peticion para busqueda
INFO[08/29/2017 04:19:20 PM]: palabra buscada: formol
INFO[08/29/2017 04:19:20 PM]: Obteniendo ambiente de lucene en busqueda
INFO[08/29/2017 04:19:20 PM]: Creando hilo en el ambiente en busqueda
INFO[08/29/2017 04:19:20 PM]: Llamando a SimpleFSDirectory
INFO[08/29/2017 04:19:20 PM]: Llamando a IndexSearcher
INFO[08/29/2017 04:19:20 PM]: Llamando a StandardAnalyzer
INFO[08/29/2017 04:19:20 PM]: Buscando palabra: formol
INFO[08/29/2017 04:19:20 PM]: Obteniendo la lista de nombres: [[u'pato3.pdf', u'pathologyIndexer_Data/pato3.pdf', u' \nnormal. \n\nDESCRIPCI\xd3N MACROSC\xd3PICA\n\nEspecimen A) Rotulado "Exoc\xe9rvix": En <B>formol</B> se recibe un fragmento que mide 0.4 x 0.4 x 0.3 cm. Se procesa todo.\nEspecimen B) Rotulado "Endoc\xe9rvix": En <B>formol</B> se... MACROSC\xd3PICA\n\nEspecimen A) Rotulado "Exoc\xe9rvix": En <B>formol</B> se recibe un fragmento que mide 0.4 x 0.3 x 0.3'], [u'pato4.pdf', u'pathologyIndexer_Data/pato4.pdf', u'. \n\nDESCRIPCI\xd3N MACROSC\xd3PICA\n\nEsp\xe9cimen A) En <B>formol</B> se recibe un \xfatero que pesa 166 g. El di\xe1metro mayor en... izquierdo. \nEsp\xe9cimen B) En <B>formol</B> se recibe un fragmento de tejido, alargado, color pardo viol\xe1ceo, que... cuales \nmide 0.5 cm de di\xe1metro. Se procesan cortes representativos. \nEsp\xe9cimen D) En <B>formol</B> se recibe'], [u'pato1.pdf', u'pathologyIndexer_Data/pato1.pdf', u'. \n\nDESCRIPCI\xd3N MACROSC\xd3PICA\n\nEspecimen A) Rotulado "Exoc\xe9rvix": En <B>formol</B> se recibe un fragmento que mide 0.3 x 0.3 x 0.2 cm. Se procesa todo.\nEspecimen B) Rotulado "Endoc\xe9rvix": En <B>formol</B> se recibe varios'], [u'pato2.pdf', u'pathologyIndexer_Data/pato2.pdf', u') Mucosa duodenal normal. \n\nDESCRIPCI\xd3N MACROSC\xd3PICA\n\nEsp\xe9cimen A) En <B>formol</B> se recibe 14 fragmentos de... <B>formol</B> se recibe 3 fragmentos de tejido caracterizados microsc\xf3picamente como mucosa duodenal. \nSe... libres de compromiso.\n\nDESCRIPCI\xd3N MACROSC\xd3PICA\n\nEsp\xe9cimen A) En <B>formol</B> se recibe producto de']]
INFO[08/29/2017 04:19:20 PM]: Renderizando template de busqueda con resultado
INFO[08/29/2017 04:19:20 PM]: 127.0.0.1 - - [29/Aug/2017 16:19:20] "POST /search HTTP/1.1" 200 -
INFO[08/29/2017 04:20:06 PM]: Ingresando en la peticion para busqueda
INFO[08/29/2017 04:20:06 PM]: palabra buscada: quiste vaginal cervix
INFO[08/29/2017 04:20:06 PM]: Obteniendo ambiente de lucene en busqueda
INFO[08/29/2017 04:20:06 PM]: Creando hilo en el ambiente en busqueda
INFO[08/29/2017 04:20:06 PM]: Llamando a SimpleFSDirectory
INFO[08/29/2017 04:20:06 PM]: Llamando a IndexSearcher
INFO[08/29/2017 04:20:06 PM]: Llamando a StandardAnalyzer
INFO[08/29/2017 04:20:06 PM]: Buscando palabra: quiste vaginal cervix
INFO[08/29/2017 04:20:06 PM]: Obteniendo la lista de nombres: [[u'pato4.pdf', u'pathologyIndexer_Data/pato4.pdf', u' <B>vaginal</B>: sin compromiso. \nEsp\xe9cimen B) Histol\xf3gicamente normal. \nEsp\xe9cimen C) Fol\xedculo qu\xedstico, sin otra especificaci\xf3n. \nEsp\xe9cimen D) <B>Quiste</B> paratub\xe1rico simple, sin otra especificaci\xf3n... la cavidad es de 9.5 cm de profundidad. Reborde <B>vaginal</B> completo de 1.0 cm. Al corte, \nun n\xf3dulo'], [u'JAIRO SOTO TORRES.pdf', u'pathologyIndexer_Data/JAIRO SOTO TORRES.pdf', u'!<B>QUISTE</B>%DE%CORDON%Y%EPIDIDIMO%IZQUIERDO\nTR:!NO!MASAS!NO!NODULOS\n\nDx -  Descripci\xf3n y Tipo DX\nN434 - <B>QUISTE</B> DE EPIDIDIMO   -\nC61X - CA DE PROSTATA RESUELTO    -\n\nRESECCION DE <B>QUISTE</B> DE EPIDIDIMO Y CORDON'], [u'MARCOS MARINO CARRILLO GORDILLO.pdf', u'pathologyIndexer_Data/MARCOS MARINO CARRILLO GORDILLO.pdf', u' <B>QUISTE</B> RENAL COMPLEJO ?\nPOR SU ANTECEDENTE DE CA RENAL DERECHO SE RECOMIENDA UN TAC SIMPLE CON'], [u'LUIS MARTINEZ OSPINA.pdf', u'pathologyIndexer_Data/LUIS MARTINEZ OSPINA.pdf', u'!<B>QUISTE</B>!RENAL!IZQUIERDO!SIMPLE!,!EL!RI\xd1ON!DERECHO\nES!NORMAL,!NO!MASAS!NO!ADENOPATIAS!!)\nBUENAS'], [u'MARIA VICTORIA CUCALON TRUJILLO.pdf', u'pathologyIndexer_Data/MARIA VICTORIA CUCALON TRUJILLO.pdf', u' CUCALON TRUJILLO\n\nIM\xc1GENES(DIAGNOSTICAS:!(ECO!DE!VIA!URINAIRA!UN!<B>QUISTE</B>!RENAL!IZQUIERDO!SIMPLE!,!EN!LA'], [u'GUSTAVO ADOLFO MORENO PRADO.pdf', u'pathologyIndexer_Data/GUSTAVO ADOLFO MORENO PRADO.pdf', u' QUE MUESTRA UN RESIDUO DEL 10 % , HPB DE 58 CC , <B>QUISTE</B> RENAL RI\xd1ON DERECHO\nAL TACTO PROSTATA DE 30']]
INFO[08/29/2017 04:20:06 PM]: Renderizando template de busqueda con resultado
INFO[08/29/2017 04:20:06 PM]: 127.0.0.1 - - [29/Aug/2017 16:20:06] "POST /search HTTP/1.1" 200 -
INFO[08/29/2017 04:20:42 PM]: Ingresando en la peticion para busqueda
INFO[08/29/2017 04:20:42 PM]: palabra buscada: quiste vaginal cérvix
INFO[08/29/2017 04:20:42 PM]: Obteniendo ambiente de lucene en busqueda
INFO[08/29/2017 04:20:42 PM]: Creando hilo en el ambiente en busqueda
INFO[08/29/2017 04:20:42 PM]: Llamando a SimpleFSDirectory
INFO[08/29/2017 04:20:42 PM]: Llamando a IndexSearcher
INFO[08/29/2017 04:20:42 PM]: Llamando a StandardAnalyzer
INFO[08/29/2017 04:20:42 PM]: Buscando palabra: quiste vaginal cérvix
INFO[08/29/2017 04:20:42 PM]: Obteniendo la lista de nombres: [[u'pato4.pdf', u'pathologyIndexer_Data/pato4.pdf', u' izquierda. Salpingectom\xeda \n\nEsp\xe9cimen A) <B>C\xe9rvix</B>: lesi\xf3n escamosa intraepitelial de bajo grado, sin... <B>vaginal</B>: sin compromiso. \nEsp\xe9cimen B) Histol\xf3gicamente normal. \nEsp\xe9cimen C) Fol\xedculo qu\xedstico, sin otra especificaci\xf3n. \nEsp\xe9cimen D) <B>Quiste</B> paratub\xe1rico simple, sin otra especificaci\xf3n'], [u'JAIRO SOTO TORRES.pdf', u'pathologyIndexer_Data/JAIRO SOTO TORRES.pdf', u'!<B>QUISTE</B>%DE%CORDON%Y%EPIDIDIMO%IZQUIERDO\nTR:!NO!MASAS!NO!NODULOS\n\nDx -  Descripci\xf3n y Tipo DX\nN434 - <B>QUISTE</B> DE EPIDIDIMO   -\nC61X - CA DE PROSTATA RESUELTO    -\n\nRESECCION DE <B>QUISTE</B> DE EPIDIDIMO Y CORDON'], [u'pato2.pdf', u'pathologyIndexer_Data/pato2.pdf', u' ESPREC UNA X1\n\nDIAGN\xd3STICO\n\n<B>C\xe9rvix</B>. Lesi\xf3n. Resecci\xf3n quir\xfargica. \n\nComfandi\n\nFecha entrega:\n\nlunes, 25...)\n\nN/A\n\nOBSERVACIONES (opcional)\n\nRemitido con diagn\xf3stico cl\xednico de "ca <B>c\xe9rvix</B>"(sic). \n\nJorge Arturo'], [u'MARCOS MARINO CARRILLO GORDILLO.pdf', u'pathologyIndexer_Data/MARCOS MARINO CARRILLO GORDILLO.pdf', u' <B>QUISTE</B> RENAL COMPLEJO ?\nPOR SU ANTECEDENTE DE CA RENAL DERECHO SE RECOMIENDA UN TAC SIMPLE CON'], [u'LUIS MARTINEZ OSPINA.pdf', u'pathologyIndexer_Data/LUIS MARTINEZ OSPINA.pdf', u'!<B>QUISTE</B>!RENAL!IZQUIERDO!SIMPLE!,!EL!RI\xd1ON!DERECHO\nES!NORMAL,!NO!MASAS!NO!ADENOPATIAS!!)\nBUENAS'], [u'MARIA VICTORIA CUCALON TRUJILLO.pdf', u'pathologyIndexer_Data/MARIA VICTORIA CUCALON TRUJILLO.pdf', u' CUCALON TRUJILLO\n\nIM\xc1GENES(DIAGNOSTICAS:!(ECO!DE!VIA!URINAIRA!UN!<B>QUISTE</B>!RENAL!IZQUIERDO!SIMPLE!,!EN!LA'], [u'GUSTAVO ADOLFO MORENO PRADO.pdf', u'pathologyIndexer_Data/GUSTAVO ADOLFO MORENO PRADO.pdf', u' QUE MUESTRA UN RESIDUO DEL 10 % , HPB DE 58 CC , <B>QUISTE</B> RENAL RI\xd1ON DERECHO\nAL TACTO PROSTATA DE 30']]
INFO[08/29/2017 04:20:42 PM]: Renderizando template de busqueda con resultado
INFO[08/29/2017 04:20:42 PM]: 127.0.0.1 - - [29/Aug/2017 16:20:42] "POST /search HTTP/1.1" 200 -
INFO[08/29/2017 04:22:15 PM]: Ingresando en la peticion para busqueda
INFO[08/29/2017 04:22:15 PM]: palabra buscada: Mucosa duodenal normal
INFO[08/29/2017 04:22:15 PM]: Obteniendo ambiente de lucene en busqueda
INFO[08/29/2017 04:22:15 PM]: Creando hilo en el ambiente en busqueda
INFO[08/29/2017 04:22:15 PM]: Llamando a SimpleFSDirectory
INFO[08/29/2017 04:22:15 PM]: Llamando a IndexSearcher
INFO[08/29/2017 04:22:15 PM]: Llamando a StandardAnalyzer
INFO[08/29/2017 04:22:15 PM]: Buscando palabra: Mucosa duodenal normal
INFO[08/29/2017 04:22:15 PM]: Obteniendo la lista de nombres: [[u'pato2.pdf', u'pathologyIndexer_Data/pato2.pdf', u') <B>Mucosa</B> <B>duodenal</B> <B>normal</B>. \n\nDESCRIPCI\xd3N MACROSC\xd3PICA\n\nEsp\xe9cimen A) En formol se recibe 14 fragmentos de...", <B>mucosa</B> <B>duodenal</B> "<B>mucosa</B> <B>duodenal</B> <B>normal</B>".\nPresente este resultado en el centro de autorizaci\xf3n de S.O.S... formol se recibe 3 fragmentos de tejido caracterizados microsc\xf3picamente como <B>mucosa</B> <B>duodenal</B>. \nSe'], [u'MARIA VICTORIA CUCALON TRUJILLO.pdf', u'pathologyIndexer_Data/MARIA VICTORIA CUCALON TRUJILLO.pdf', u'!,\nATROFIA!DE!LA!<B>MUCOSA</B>!VULVOVAGINAL!HIPOESTROGENICA!MARCADA\n\nEXAMEN%FISICO:\n\nDx -  Descripci\xf3n y Tipo DX'], [u'pato3.pdf', u'pathologyIndexer_Data/pato3.pdf', u' \n<B>normal</B>. \n\nDESCRIPCI\xd3N MACROSC\xd3PICA\n\nEspecimen A) Rotulado "Exoc\xe9rvix": En formol se recibe un....  \nEsp\xe9cimen B) Fragmentos de gl\xe1ndulas endocervicales sueltos de aspecto \n<B>normal</B>. \n\nDESCRIPCI\xd3N... "Endoc\xe9rvix". Legrado endocervical biopsias.\n\nEsp\xe9cimen A) <B>Normal</B>.\nEsp\xe9cimen B) Fragmentos de'], [u'FERNANDO TOBAR DELGADO .pdf', u'pathologyIndexer_Data/FERNANDO TOBAR DELGADO .pdf', u'!,!TESTOSTERONA!0.70!,!PDEO!<B>NORMAL</B>!,\nFOSFATASA!ALCALINA!217!)\nIM\xc1GENES%DIAGNOSTICAS:!(ECO!DE!VIA!URINARIA!<B>NORMAL</B>!)\nBUENAS!CONDICIONES!GENERALES,!INGRESA!POR!SUS!PROPIOS!MEDIOS\nSNC:%CONSCIENTE!ORIENTADO!EN...!DERECHA!!IZQUIERDA!NEGATIVA\nPENE!<B>NORMAL</B>!!Y!AUSENCIA!DE!LOS!!TESTICULOS\nTR:!PROSTATA!DE!10!GRAMOS'], [u'EDUARDO ALFREDO CERON BOLAN\u0303OS.pdf', u'pathologyIndexer_Data/EDUARDO ALFREDO CERON BOLAN\u0303OS.pdf', u'%CONSULTA!:!!VIENE!A!CONTROL\nENFERMEDAD%ACTUAL:!FRECUENCIA!URINARIA!,!CHORRO!<B>NORMAL</B>,!NO!HAY!IUE,!NO!MAL... MENOR DE 0.04 , CREATININA 1.1 , PDEO <B>NORMAL</B>.\nAL EXAMEN NO SE PALPAN MASAS NI NODULOS EN EL TACTO RECTAL..., CREATININA 1.1PDEO <B>NORMAL</B>.\nAL TACTO PROSTATA AUSENTE POR  CIRUGIA PREVIA , NO MASAS NO NODULOS .\n\nFecha'], [u'LUIS MARTINEZ OSPINA.pdf', u'pathologyIndexer_Data/LUIS MARTINEZ OSPINA.pdf', u'%DUPLICANDOSE%%,!TESTOTERONA!!0.34,!CREATININA\n1.0,!PDEO!<B>NORMAL</B>.!)\nIM\xc1GENES%DIAGNOSTICAS:!(GAMAGRAFIA!OSEA!EN... MOSCOSO\nHEMOGRAMA <B>NORMAL</B>, PERFIL LIPIDICO <B>NORMAL</B>, CREATINIA 1.0HB GLICOSILADA ELEVADA, PSA ESTA BAJANDO\nPASO A 11, PDEO <B>NORMAL</B>. TESTOTERONA MENOR 0.10, ELECTROLITOS NORMALES, TRANSAMINASAS\nLIGERAMENTE'], [u'HERNAN JACINTO DE JESUS ECHEVERRY.pdf', u'pathologyIndexer_Data/HERNAN JACINTO DE JESUS ECHEVERRY.pdf', u'!ERECCIONES!AL!50!%\nEXAMENES%DE%LABORATORIO:%(PSA!MENOS!0.002,!CREATININA!0.91!,!PDEO!<B>NORMAL</B>... ALBERTO USUBILLAGA MOSCOSO\nPSA : MENOR DE 0.002, TESTOTERONA 0.03 , PDEO <B>NORMAL</B>  , CREATININA 0.94...:  ENRIQUE ALBERTO USUBILLAGA MOSCOSO\n7 meses postqx , viene a control trae un pdeo <B>normal</B>, PSA menor de'], [u'CARLOS ALBERTO AGUIRRE MOLINA.pdf', u'pathologyIndexer_Data/CARLOS ALBERTO AGUIRRE MOLINA.pdf', u'%LABORATORIO:%(PSA!0.008,!TESTOSTERONA,!0.52,!PDEO!<B>NORMAL</B>!,!CREATININA!ES\n<B>NORMAL</B>!)\nIM\xc1GENES%DIAGNOSTICAS...:$(DENSITOMETRIA$OSEA$<B>NORMAL</B>$PARA$LA$EDAD$DEL$PACIENTE$$)\nBUENAS$CONDICIONES$GENERALES,$INGRESA$POR$SUS$PROPIOS... USUBILLAGA MOSCOSO\nVIENE A CONTROL , NO SINTOMAS  URINARIOS , TRAE UN PSA MENOR 0.01, PDEO <B>NORMAL</B>'], [u'EDUARDO LAURITZEN LOPEZ.pdf', u'pathologyIndexer_Data/EDUARDO LAURITZEN LOPEZ.pdf', u'%LABORATORIO:%(PSA!8.65,!PDEO!<B>NORMAL</B>,!CREATININA!0.99!)\nIM\xc1GENES%DIAGNOSTICAS:!(NO!)\nBUENAS!CONDICIONES...!LUMBAR!DERECHA!,!IZQUIERDA!NEGATIVAS\nPENE!!<B>NORMAL</B>!,!TESTICULOS!CON!!EPIDIDIMOS!NORMALES\nTR:!PROSTATA...:  ENRIQUE ALBERTO USUBILLAGA MOSCOSO\nBUEN PATRON MICCIONAL PSA 0.006, CREATININA 1.0, PDEO <B>NORMAL</B>'], [u'OSCAR F COLORADO.pdf', u'pathologyIndexer_Data/OSCAR F COLORADO.pdf', u'!!<B>NORMAL</B>!,!TESTICULOS!CON!!EPIDIDIMOS!NORMALES\nTR:!PROSTATA!!10!GRS!GRAMOS!BLANDA!REGULA!LISA!,!SIN... CC , VESICULAS SEM9NALES LIBRE\nLABORATORIO PREQX <B>NORMAL</B>.\nSE HACE FIRMAR CONSENTIMIENTO.\n\nFecha :  8'], [u'CARLOS FRANCISCO HURTADO .pdf', u'pathologyIndexer_Data/CARLOS FRANCISCO HURTADO .pdf', u'!!<B>NORMAL</B>!,\nTESTICULOS!DERECHO!!AUMENTADO!DE!TAMA\xd1O!ENDURECIDO!CON!PERDIDA!DE!LA!ARQUITECTURA!!TESTICULAR!,!EL\nTESTICULO!IZQUIERDO!<B>NORMAL</B>.\n\nEXAMEN%FISICO:\n\nDx -  Descripci\xf3n y Tipo DX\nN450 - HEMATOMA'], [u'BERNARDO ARIAS .pdf', u'pathologyIndexer_Data/BERNARDO ARIAS .pdf', u'!A!CONTROL!Y!REFIERE!ESTAR!ASINTOMATICO!,!CHORRO!<B>NORMAL</B>,!ALGUNOS!EPISODIOS!DE\nINCONTENCIA!URINAIRIA... a\xf1o ,no sintomas urinarios, trea pdeo <B>normal</B>,, psa menor de 0.04,\ncreatinina 1.2 .\nal examen buena'], [u'JAIME SOLANO HERRERA.pdf', u'pathologyIndexer_Data/JAIME SOLANO HERRERA.pdf', u' Digital:  ENRIQUE ALBERTO USUBILLAGA MOSCOSO\nPSA 37.7 , PDEO <B>NORMAL</B>, ASINTOMATICO , UROCULTIVO... CONDICION GENRAL , HERIDA BIEN, URETRA <B>NORMAL</B>.\nPLAN: TERAPIA DE PISO PELVICO , INICIAR TADALAFILO 5...:  Consulta\nFirma Digital:  ENRIQUE ALBERTO USUBILLAGA MOSCOSO\nPSA 0.03 , PDEO <B>NORMAL</B> , CREATININA 1.0.\nBUEN'], [u'LUIS CARLOS POTES BECERRA.pdf', u'pathologyIndexer_Data/LUIS CARLOS POTES BECERRA.pdf', u'!<B>NORMAL</B>!)\nIM\xc1GENES%DIAGNOSTICAS:!(NO!RECIENTES)\nBUENAS!CONDICIONES!GENERALES,!INGRESA!POR!SUS!PROPIOS... URINARIOS, ACTIVIDAD SEXUAL <B>NORMAL</B>.\nTR: NO MASAS NO NODULOS\n\nFecha :  10-mar-2016     9:23:55 a.m.\nHora...!1.3!PDEO!<B>NORMAL</B>.!)\nIM\xc1GENES%DIAGNOSTICAS:!(NO!)\nBUENAS!CONDICIONES!GENERALES,!INGRESA!POR!SUS'], [u'JAIRO SOTO TORRES.pdf', u'pathologyIndexer_Data/JAIRO SOTO TORRES.pdf', u'!,ACTUALMENTE!CHORRO!<B>NORMAL</B>,!ULTIMO!PSA!ES!DE!%HACE%7%MESES%PSA%MENOR%0.002,%ACUSA%DOLOR\nANTECEDENTES...,!NO!HERNIAS!,\nGENITOURINARIO%:!PU\xd1O!PERCUSION!LUMBAR!DERECHA!,!IZQUIERDA!NEGATIVAS\nPENE!!<B>NORMAL</B>!,!TESTICULOS'], [u'JOSE HERNAN SOLARTE PAZ.pdf', u'pathologyIndexer_Data/JOSE HERNAN SOLARTE PAZ.pdf', u'!769.!HB!13,!PDEO!<B>NORMAL</B>!CREATININA!1.71!!)\nIM\xc1GENES%DIAGNOSTICAS:!(NO!)\nBUENAS!CONDICIONES!GENERALES...!DERECHA!,!IZQUIERDA!NEGATIVAS\nPENE!!<B>NORMAL</B>!,!TESTICULOS!CON!!EPIDIDIMOS!NORMALES\nTR:!PROSTATA!!20!GRAMOS'], [u'FRANCISCO JOSE PALAU ALVAROGONZALEZ.pdf', u'pathologyIndexer_Data/FRANCISCO JOSE PALAU ALVAROGONZALEZ.pdf', u':\n<B>NORMAL</B>!)\nIM\xc1GENES%DIAGNOSTICAS:!(NO!RECIENTES)\nBUENAS!CONDICIONES!GENERALES,!INGRESA!POR!SUS!PROPIOS...\nRADIOTERAPIA DE RESCATE . ADEMAS CREATININA 1.1 , PDEO <B>NORMAL</B>\nPLAN : SOLICITO GMAGRAFIA  OSEA Y TAC'], [u'CARLOS ARMANDO GUERRERO.pdf', u'pathologyIndexer_Data/CARLOS ARMANDO GUERRERO.pdf', u' BICALUTAMIDA Y SE APLICO ZOLADEX , TRAE UN PSA 0.07 .TESTOTERONA TOTAL 285 .FOSFATASA\nALCALINA <B>NORMAL</B>... ARDOR A LA\nMICCION, TRAE UN PDEO <B>NORMAL</B>, PSA .0.02, TESTOTERONA 44,5, CREATININA 0.90\nPLAN: CONTROL... <B>NORMAL</B>, PENDIENTE PARA\nCOLOCARSE EL ZOLADEX 10.8 , EN 2 DIAS , FUE AUTORIZADO POR LA EPS CON UN MEDICO'], [u'MANUEL HUMBERTO ORTIZ.pdf', u'pathologyIndexer_Data/MANUEL HUMBERTO ORTIZ.pdf', u'!SINTOMAS!URINARIOS\nEXAMENES%DE%LABORATORIO:%(PSA!2.3!,!CREAT!0.80!,PDEO!<B>NORMAL</B>,,!HEMOGRAMA!<B>NORMAL</B>.,!PERFIL!LIPIDICO\n<B>NORMAL</B>.!)\nIM\xc1GENES%DIAGNOSTICAS:!(RMN!HACE!1!A\xd1O!MOSTRO!UNA!HPB.!)\nBUENAS!CONDICIONES'], [u'HECTOR MONTOYA LARA.pdf', u'pathologyIndexer_Data/HECTOR MONTOYA LARA.pdf', u'%LABORATORIO:%(PSA!0.07,!PDEO!<B>NORMAL</B>,CREATININA!0.74!,!GLICEMIA!!129!)\nIM\xc1GENES%DIAGNOSTICAS:!(ECO!VIA!URINARIA'], [u'CARLOS MANUEL SERRANO .pdf', u'pathologyIndexer_Data/CARLOS MANUEL SERRANO .pdf', u':!(ECO!VIA!URINARIA!!<B>NORMAL</B>!SIN!RESIDUO!POST!MICCION!!)\nBUENAS!CONDICIONES!GENERALES,!INGRESA!POR!SUS'], [u'VICTOR HUGO SANABRIA LOPEZ.pdf', u'pathologyIndexer_Data/VICTOR HUGO SANABRIA LOPEZ.pdf', u'.\nEXAMENES%DE%LABORATORIO:%(PSA!MENOR!DE!0.004!,!CREATININA!1.1!,!PDEO!!<B>NORMAL</B>!!)\nIM\xc1GENES%DIAGNOSTICAS'], [u'pato1.pdf', u'pathologyIndexer_Data/pato1.pdf', u' epitelio escamoso.  \nEsp\xe9cimen B) Fragmentos de gl\xe1ndulas endocervicales sueltos de aspecto \n<B>normal</B>'], [u'LUIS EDUARDO VALENCIA SERNA.pdf', u'pathologyIndexer_Data/LUIS EDUARDO VALENCIA SERNA.pdf', u'!,!CREATININA!0.93,!PDEO!<B>NORMAL</B>!)\nIM\xc1GENES%DIAGNOSTICAS:!(NO!RECIENTES)\nBUENAS!CONDICIONES!GENERALES,!INGRESA'], [u'JORGE EDUARDO MARQUEZ.pdf', u'pathologyIndexer_Data/JORGE EDUARDO MARQUEZ.pdf', u' USUBILLAGA MOSCOSO\nVIENE A CONTROL TRAE PSA 2.35, PDEO <B>NORMAL</B>, CREATININA 0.85 , ECOGRAFIA DE VIA URINARIA... ALBERTO USUBILLAGA MOSCOSO\nVIENE A CONTROL , TRAE UN PSA 2.84, CREATININA 0.97, PDEO <B>NORMAL</B>, ECO VIA'], [u'NELSON GIRALDO CARDONA.pdf', u'pathologyIndexer_Data/NELSON GIRALDO CARDONA.pdf', u')!!!DIGESTIVO:!(5)!GENITOURINARIO:\n(5)!!!!OSTEOMUSCULAR!:!(5)\nEXAMENES%DE%LABORATORIO:%(PDEO!!<B>NORMAL</B>...!,\nGENITOURINARIO%:!PU\xd1O!PERCUSION!LUMBAR!DERECHA!,!IZQUIERDA!NEGATIVAS\nPENE!!<B>NORMAL</B>!,!TESTICULOS!CON!!EPIDIDIMOS'], [u'ALVARO NARANJO POVEDA.pdf', u'pathologyIndexer_Data/ALVARO NARANJO POVEDA.pdf', u'!LUMBAR!DERECHA!,!IZQUIERDA!NEGATIVAS\nPENE!!<B>NORMAL</B>!,!TESTICULOS!CON!!EPIDIDIMOS!NORMALES\nTR:!PROSTATA'], [u'GABRIEL OCHOA URIBE.pdf', u'pathologyIndexer_Data/GABRIEL OCHOA URIBE.pdf', u'!LUMBAR!DERECHA!,!IZQUIERDA!NEGATIVAS\nPENE!!<B>NORMAL</B>!,!TESTICULOS!CON!!EPIDIDIMOS!NORMALES\nTR:!PROSTATA'], [u'CARLOS ANIBAL ARCILA BOTERO.pdf', u'pathologyIndexer_Data/CARLOS ANIBAL ARCILA BOTERO.pdf', u' MEDICAMENTO,\nTREA UN PSA 0.01 CREATININA 1.1 , PEDO <B>NORMAL</B>.\nAL TACTO RECTAL NO MASAS NO NODYULOS ,\nPLAN'], [u'GUILLERMO LEON ARELLANO.pdf', u'pathologyIndexer_Data/GUILLERMO LEON ARELLANO.pdf', u' <B>NORMAL</B>, POTASIO 4.3 , TRANSAMINASAS NORMALES , ASINTOMATICO\nPLAN CONTINUAR ELIGARD Y ZYTIGA , CONTROL EN... 0.86\nASAT 17 ALAT 27 <B>NORMAL</B>\nPSA TOTAL 1.550NA 142 K 4,7 CL 103 FA 85\n\nFecha :  7-dic-2016     10:47:06... MOSCOSO\nGAMAGRAFIA OASEA HACE 6 MESES  FUE <B>NORMAL</B>, RMN DE COLUNMA NO MOSTRO LESIONES SOSPECHOSAS DE'], [u'ALONSO ABAD GONZALEZ.pdf', u'pathologyIndexer_Data/ALONSO ABAD GONZALEZ.pdf', u'!!<B>NORMAL</B>!,!TESTICULOS!CON!!EPIDIDIMOS!NORMALES\nTR:!PROSTATA!!60!GRAMOS!BLANDA!,!MOVIL,!REGULA!LISA'], [u'EDUARDO RUEDA BILBAO.pdf', u'pathologyIndexer_Data/EDUARDO RUEDA BILBAO.pdf', u'!NEGATIVAS\nPENE!!<B>NORMAL</B>!,!TESTICULOS!CON!!EPIDIDIMOS!NORMALES\nTR:!PROSTATA!!30!GRAMOS!REGULAR!LISA'], [u'SERGIO MORENO PE\xd1A.pdf', u'pathologyIndexer_Data/SERGIO MORENO PE\xd1A.pdf', u'%:!PU\xd1O!PERCUSION!LUMBAR!DERECHA!,!IZQUIERDA!NEGATIVAS\nPENE!!<B>NORMAL</B>!,!TESTICULOS!CON!!EPIDIDIMOS'], [u'OSCAR ESPINAL LOPEZ.pdf', u'pathologyIndexer_Data/OSCAR ESPINAL LOPEZ.pdf', u' 1.4 , PSA 4.9, LIBRE 0.93 INDICE 0.18, , PDEO <B>NORMAL</B>.\nNO LUTS EN ESTE MOMENTO.\nAL TR: PROSTATA DE'], [u'GUSTAVO ARANA GARCIA.pdf', u'pathologyIndexer_Data/GUSTAVO ARANA GARCIA.pdf', u': ASINTOMATICO\nEXAMENES DE LABORATORIO: (PSA MENOR DE 0.002,PDEO <B>NORMAL</B> )\nIM\xc1GENES DIAGNOSTICAS: (NO )\nEXAMEN'], [u'ALBERTO VALENCIA RIVERA.pdf', u'pathologyIndexer_Data/ALBERTO VALENCIA RIVERA.pdf', u',!NO!HERNIAS!,\nGENITOURINARIO%:!PU\xd1O!PERCUSION!LUMBAR!DERECHA!,!IZQUIERDA!NEGATIVAS\nPENE!!<B>NORMAL</B>!,!TESTICULOS'], [u'JULIO ANTONIO CANO .pdf', u'pathologyIndexer_Data/JULIO ANTONIO CANO .pdf', u')LABORATORIO:)(CREATININA$1.1,$FOSFATASA$ALCALINA$69,$PDEO$<B>NORMAL</B>,PSA$0.3$)\nIM\xc1GENES)DIAGNOSTICAS..., PDEO <B>NORMAL</B>,PSA PENDIENTE  )\nIM\xc1GENES DIAGNOSTICAS: (NO )\nEXAMEN FISICO:\nBUENAS CONDICIONES'], [u'GUSTAVO ADOLFO MORENO PRADO.pdf', u'pathologyIndexer_Data/GUSTAVO ADOLFO MORENO PRADO.pdf', u'\nPSA HA SUBIDO NUEVAMENTE. TIENE UN PDEO <B>NORMAL</B> Y CREATININA <B>NORMAL</B>. ADEMAS UNA ECO DE VIAS\nURINARIAS'], [u'JORGE ARTURO RESTREPO BEDOYA.pdf', u'pathologyIndexer_Data/JORGE ARTURO RESTREPO BEDOYA.pdf', u',!NO!HERNIAS!,\nGENITOURINARIO%:!PU\xd1O!PERCUSION!LUMBAR!DERECHA!,!IZQUIERDA!NEGATIVAS\nPENE!!<B>NORMAL</B>'], [u'ALBERTO BOTERO TASCON .pdf', u'pathologyIndexer_Data/ALBERTO BOTERO TASCON .pdf', u', TRIGLICERIDOS 400 ,PDEO <B>NORMAL</B>.\nREFIERE ENURESIS NOCTURNA SOLAMENTE , EN EL DIA NO HAY INCONTINENCIA'], [u'JAVIER CAMPO SOTO.pdf', u'pathologyIndexer_Data/JAVIER CAMPO SOTO.pdf', u' , PDEO <B>NORMAL</B>, NO SINTOMAS URINARIOS, CREATININA 1.2\nAL TACTO RECTQAL PROSTATA DE 50 GRS BLANDA, SIN'], [u'OSCAR MOLINA PEREZ.pdf', u'pathologyIndexer_Data/OSCAR MOLINA PEREZ.pdf', u' MOSCOSO\n2 A\xd1OS POSTQX DE PROSTATECTOMIA RADICAL POR CA DE PROSTATA  , TRAE UN PSA 0.03, PDEO <B>NORMAL</B>'], [u'MARCOS MARINO CARRILLO GORDILLO.pdf', u'pathologyIndexer_Data/MARCOS MARINO CARRILLO GORDILLO.pdf', u' CREATININA 1.48, , PSA 0.80 , PDEO <B>NORMAL</B>\nADEMAS HAY HIPOCALCEMI LEVE, HB GLICOSILADA ELEVADA Y TRIGLICERIDOS'], [u'WALTER DARIO ULLOA.pdf', u'pathologyIndexer_Data/WALTER DARIO ULLOA.pdf', u'%:!PU\xd1O!PERCUSION!LUMBAR!DERECHA!,!IZQUIERDA!NEGATIVAS\nPENE!!<B>NORMAL</B>!,!TESTICULOS!CON!!EPIDIDIMOS'], [u'ALVARO BRYON JIMENEZ.pdf', u'pathologyIndexer_Data/ALVARO BRYON JIMENEZ.pdf', u'\nPSA 1.2 ,  CREATININA 1.2, PDEO <B>NORMAL</B>,GAMAGRAFIA OSEA SIN METASTASIS OSEAS\nREFIERE QUE LA PIEL ESTA'], [u'HARRY GARCIA SAAVEDRA.pdf', u'pathologyIndexer_Data/HARRY GARCIA SAAVEDRA.pdf', u' MOSCOSO\nBUEN PATRON MICCIONAL , ERECCIONES AL 50 % CON CIALIS 5 MGRS CADA NOCHE , PSA 0.08, PDEO  <B>NORMAL</B>'], [u'HERNANDO VIDARTE.pdf', u'pathologyIndexer_Data/HERNANDO VIDARTE.pdf', u' 29 ,, PSA 0.26,\nTESTOTERONA 34 , PDEO <B>NORMAL</B>, CREATININA 1.0\nNO SINTOMAS URINARIOS\nPLAN: SE LLENA CTC'], [u'pato4.pdf', u'pathologyIndexer_Data/pato4.pdf', u' vaginal: sin compromiso. \nEsp\xe9cimen B) Histol\xf3gicamente <B>normal</B>. \nEsp\xe9cimen C) Fol\xedculo qu\xedstico, sin'], [u'JOSE ALOMIA VILLAREAL.pdf', u'pathologyIndexer_Data/JOSE ALOMIA VILLAREAL.pdf', u', FOSTATASA ALCALINA <B>NORMAL</B>,\nTESTOTERONA 0.2\nNO HAY SINTOMAS URINARIOS.\nPLAN: SE FORMULA ACETATO DE LEUPROLIDE'], [u'FERNANDO HERRERA TOBON.pdf', u'pathologyIndexer_Data/FERNANDO HERRERA TOBON.pdf', u' DE PROSTATA\nPara cl\xednicos\n17 de Junio de 2015 a las 10:38\nLABORATORIOS:PSA DE 5,2 , PDEO <B>NORMAL</B>']]
INFO[08/29/2017 04:22:15 PM]: Renderizando template de busqueda con resultado
INFO[08/29/2017 04:22:15 PM]: 127.0.0.1 - - [29/Aug/2017 16:22:15] "POST /search HTTP/1.1" 200 -
INFO[08/29/2017 04:24:06 PM]: 127.0.0.1 - - [29/Aug/2017 16:24:06] "GET / HTTP/1.1" 200 -
INFO[08/29/2017 04:24:10 PM]: Obteniendo ambiente de lucene en indexar
INFO[08/29/2017 04:24:10 PM]: Creando hilo en el ambiente en indexar
INFO[08/29/2017 04:24:10 PM]: Llamando a IndexFiles.inicializar con: pathologyIndexer_Data,/home/nelson/Documentos/pathologyIndexer/index,StandardAnalyzer
INFO[08/29/2017 04:25:01 PM]: Renderizando template en la indexacion
INFO[08/29/2017 04:25:01 PM]: 127.0.0.1 - - [29/Aug/2017 16:25:01] "POST / HTTP/1.1" 200 -
INFO[08/29/2017 04:25:38 PM]: Ingresando en la vista principal de la busqueda
INFO[08/29/2017 04:25:38 PM]: 127.0.0.1 - - [29/Aug/2017 16:25:38] "GET /search HTTP/1.1" 200 -
INFO[08/29/2017 04:26:04 PM]: Ingresando en la peticion para busqueda
INFO[08/29/2017 04:26:04 PM]: palabra buscada: formol
INFO[08/29/2017 04:26:04 PM]: Obteniendo ambiente de lucene en busqueda
INFO[08/29/2017 04:26:04 PM]: Creando hilo en el ambiente en busqueda
INFO[08/29/2017 04:26:04 PM]: Llamando a SimpleFSDirectory
INFO[08/29/2017 04:26:04 PM]: Llamando a IndexSearcher
INFO[08/29/2017 04:26:04 PM]: Llamando a StandardAnalyzer
INFO[08/29/2017 04:26:04 PM]: Buscando palabra: formol
INFO[08/29/2017 04:26:04 PM]: Obteniendo la lista de nombres: [[u'pato3.pdf', u'pathologyIndexer_Data/pato3.pdf', u' \nnormal. \n\nDESCRIPCI\xd3N MACROSC\xd3PICA\n\nEspecimen A) Rotulado "Exoc\xe9rvix": En <B>formol</B> se recibe un fragmento que mide 0.4 x 0.4 x 0.3 cm. Se procesa todo.\nEspecimen B) Rotulado "Endoc\xe9rvix": En <B>formol</B> se... MACROSC\xd3PICA\n\nEspecimen A) Rotulado "Exoc\xe9rvix": En <B>formol</B> se recibe un fragmento que mide 0.4 x 0.3 x 0.3'], [u'pato4.pdf', u'pathologyIndexer_Data/pato4.pdf', u'. \n\nDESCRIPCI\xd3N MACROSC\xd3PICA\n\nEsp\xe9cimen A) En <B>formol</B> se recibe un \xfatero que pesa 166 g. El di\xe1metro mayor en... izquierdo. \nEsp\xe9cimen B) En <B>formol</B> se recibe un fragmento de tejido, alargado, color pardo viol\xe1ceo, que... cuales \nmide 0.5 cm de di\xe1metro. Se procesan cortes representativos. \nEsp\xe9cimen D) En <B>formol</B> se recibe'], [u'pato1.pdf', u'pathologyIndexer_Data/pato1.pdf', u'. \n\nDESCRIPCI\xd3N MACROSC\xd3PICA\n\nEspecimen A) Rotulado "Exoc\xe9rvix": En <B>formol</B> se recibe un fragmento que mide 0.3 x 0.3 x 0.2 cm. Se procesa todo.\nEspecimen B) Rotulado "Endoc\xe9rvix": En <B>formol</B> se recibe varios'], [u'pato2.pdf', u'pathologyIndexer_Data/pato2.pdf', u') Mucosa duodenal normal. \n\nDESCRIPCI\xd3N MACROSC\xd3PICA\n\nEsp\xe9cimen A) En <B>formol</B> se recibe 14 fragmentos de... <B>formol</B> se recibe 3 fragmentos de tejido caracterizados microsc\xf3picamente como mucosa duodenal. \nSe... libres de compromiso.\n\nDESCRIPCI\xd3N MACROSC\xd3PICA\n\nEsp\xe9cimen A) En <B>formol</B> se recibe producto de']]
INFO[08/29/2017 04:26:04 PM]: Renderizando template de busqueda con resultado
INFO[08/29/2017 04:26:04 PM]: 127.0.0.1 - - [29/Aug/2017 16:26:04] "POST /search HTTP/1.1" 200 -
INFO[08/29/2017 04:36:43 PM]: Ingresando en la vista principal de la busqueda
INFO[08/29/2017 04:36:43 PM]: 127.0.0.1 - - [29/Aug/2017 16:36:43] "GET /search HTTP/1.1" 200 -
INFO[08/29/2017 04:39:08 PM]: 127.0.0.1 - - [29/Aug/2017 16:39:08] "GET / HTTP/1.1" 200 -
INFO[08/29/2017 04:39:32 PM]: Ingresando en la vista principal de la busqueda
INFO[08/29/2017 04:39:32 PM]: 127.0.0.1 - - [29/Aug/2017 16:39:32] "GET /search HTTP/1.1" 200 -
INFO[08/29/2017 04:39:44 PM]: Ingresando en la peticion para busqueda
INFO[08/29/2017 04:39:44 PM]: palabra buscada: vaginal
INFO[08/29/2017 04:39:44 PM]: Obteniendo ambiente de lucene en busqueda
INFO[08/29/2017 04:39:44 PM]: Creando hilo en el ambiente en busqueda
INFO[08/29/2017 04:39:44 PM]: Llamando a SimpleFSDirectory
INFO[08/29/2017 04:39:44 PM]: Llamando a IndexSearcher
INFO[08/29/2017 04:39:44 PM]: Llamando a StandardAnalyzer
INFO[08/29/2017 04:39:44 PM]: Buscando palabra: vaginal
INFO[08/29/2017 04:39:44 PM]: Obteniendo la lista de nombres: [[u'pato4.pdf', u'pathologyIndexer_Data/pato4.pdf', u' <B>vaginal</B>: sin compromiso. \nEsp\xe9cimen B) Histol\xf3gicamente normal. \nEsp\xe9cimen C) Fol\xedculo qu\xedstico, sin... la cavidad es de 9.5 cm de profundidad. Reborde <B>vaginal</B> completo de 1.0 cm. Al corte, \nun n\xf3dulo...] reborde \n<B>vaginal</B>, [12] endometrio-miometrio, [13] n\xf3dulo, [14] parametrio derecho, [15] parametrio']]
INFO[08/29/2017 04:39:44 PM]: Renderizando template de busqueda con resultado
INFO[08/29/2017 04:39:44 PM]: 127.0.0.1 - - [29/Aug/2017 16:39:44] "POST /search HTTP/1.1" 200 -
INFO[08/29/2017 04:39:51 PM]: Ingresando en la peticion para busqueda
INFO[08/29/2017 04:39:51 PM]: palabra buscada: vaginalCérvix
INFO[08/29/2017 04:39:51 PM]: Obteniendo ambiente de lucene en busqueda
INFO[08/29/2017 04:39:51 PM]: Creando hilo en el ambiente en busqueda
INFO[08/29/2017 04:39:51 PM]: Llamando a SimpleFSDirectory
INFO[08/29/2017 04:39:51 PM]: Llamando a IndexSearcher
INFO[08/29/2017 04:39:51 PM]: Llamando a StandardAnalyzer
INFO[08/29/2017 04:39:51 PM]: Buscando palabra: vaginalCérvix
INFO[08/29/2017 04:39:51 PM]: Obteniendo la lista de nombres: []
INFO[08/29/2017 04:39:51 PM]: Renderizando template de busqueda con resultado
INFO[08/29/2017 04:39:51 PM]: 127.0.0.1 - - [29/Aug/2017 16:39:51] "POST /search HTTP/1.1" 200 -
INFO[08/29/2017 04:39:57 PM]: Ingresando en la peticion para busqueda
INFO[08/29/2017 04:39:57 PM]: palabra buscada: Cérvix
INFO[08/29/2017 04:39:57 PM]: Obteniendo ambiente de lucene en busqueda
INFO[08/29/2017 04:39:57 PM]: Creando hilo en el ambiente en busqueda
INFO[08/29/2017 04:39:57 PM]: Llamando a SimpleFSDirectory
INFO[08/29/2017 04:39:57 PM]: Llamando a IndexSearcher
INFO[08/29/2017 04:39:57 PM]: Llamando a StandardAnalyzer
INFO[08/29/2017 04:39:57 PM]: Buscando palabra: Cérvix
INFO[08/29/2017 04:39:57 PM]: Obteniendo la lista de nombres: [[u'pato4.pdf', u'pathologyIndexer_Data/pato4.pdf', u' izquierda. Salpingectom\xeda \n\nEsp\xe9cimen A) <B>C\xe9rvix</B>: lesi\xf3n escamosa intraepitelial de bajo grado, sin... m\xe1s externa del <B>c\xe9rvix</B> hasta la parte m\xe1s externa del \nfondo mide 10.0 cm de longitud. El <B>c\xe9rvix</B>... intramural, que mide 1.0 cm de di\xe1metro. Se procesan cortes representativos. [1-9] <B>c\xe9rvix</B>, [10,11'], [u'pato2.pdf', u'pathologyIndexer_Data/pato2.pdf', u' ESPREC UNA X1\n\nDIAGN\xd3STICO\n\n<B>C\xe9rvix</B>. Lesi\xf3n. Resecci\xf3n quir\xfargica. \n\nComfandi\n\nFecha entrega:\n\nlunes, 25...)\n\nN/A\n\nOBSERVACIONES (opcional)\n\nRemitido con diagn\xf3stico cl\xednico de "ca <B>c\xe9rvix</B>"(sic). \n\nJorge Arturo']]
INFO[08/29/2017 04:39:57 PM]: Renderizando template de busqueda con resultado
INFO[08/29/2017 04:39:57 PM]: 127.0.0.1 - - [29/Aug/2017 16:39:57] "POST /search HTTP/1.1" 200 -
INFO[08/29/2017 04:40:28 PM]: Ingresando en la peticion para busqueda
INFO[08/29/2017 04:40:28 PM]: palabra buscada: Maligno
INFO[08/29/2017 04:40:28 PM]: Obteniendo ambiente de lucene en busqueda
INFO[08/29/2017 04:40:28 PM]: Creando hilo en el ambiente en busqueda
INFO[08/29/2017 04:40:28 PM]: Llamando a SimpleFSDirectory
INFO[08/29/2017 04:40:28 PM]: Llamando a IndexSearcher
INFO[08/29/2017 04:40:28 PM]: Llamando a StandardAnalyzer
INFO[08/29/2017 04:40:28 PM]: Buscando palabra: Maligno
INFO[08/29/2017 04:40:28 PM]: Obteniendo la lista de nombres: [[u'JULIO ANTONIO CANO .pdf', u'pathologyIndexer_Data/JULIO ANTONIO CANO .pdf', u' 2015\n14:58:48 C61X TUMOR <B>MALIGNO</B> DE LA PROSTATA\n\nPlan manejo\n\nCentro M\xe9dico Hip\xf3crates Av 2C Norte...\nNO!SE!HACE!TR!POR!1!MES!POSTQX\n\nEXAMEN%FISICO:\n\nDx -  Descripci\xf3n y Tipo DX\nC61X - Tumor <B>maligno</B> de la'], [u'LUIS CARLOS POTES BECERRA.pdf', u'pathologyIndexer_Data/LUIS CARLOS POTES BECERRA.pdf', u' <B>maligno</B> de la pr\xf3stata   -\n\nELIGARD 22.5(ACETATO DE LEUPROLIDE ) , SE LLENA CTC\nCONTROL EN TRES MESES'], [u'GLORIA AMPARO CRUZ ALZATE.pdf', u'pathologyIndexer_Data/GLORIA AMPARO CRUZ ALZATE.pdf', u' -  Descripci\xf3n y Tipo DX\nC679 - "Tumor <B>maligno</B> de la vejiga urinaria, parte no especificada"   -\n\nSE'], [u'pato2.pdf', u'pathologyIndexer_Data/pato2.pdf', u')\n\nRemitido con diagn\xf3stico cl\xednico de "tumor <B>maligno</B> del est\xf3mago, parte no especifica, lesi\xf3n... inmunohistoqu\xedmico. \n\nMelanoma <B>maligno</B>, sin otra especificaci\xf3n. \nEspesor tumoral de m\xednimo 1.8 mm en... es un melanoma <B>maligno</B>. El reporte definitivo seg\xfan las gu\xedas \ndel College of American Pathologists'], [u'LUIS EDUARDO CORREA RODRIGUEZ.pdf', u'pathologyIndexer_Data/LUIS EDUARDO CORREA RODRIGUEZ.pdf', u'%TRIGONO\nOCLUSIVO%PARCIALMENTE\nEXAMEN%FISICO:\n\nDx -  Descripci\xf3n y Tipo DX\nC61X - Tumor <B>maligno</B> de la'], [u'MARIA VICTORIA CUCALON TRUJILLO.pdf', u'pathologyIndexer_Data/MARIA VICTORIA CUCALON TRUJILLO.pdf', u' Final:   28/10/2016 1:14:43 p.m.\n\nDx -  Descripci\xf3n y Tipo DX\nC679 - "Tumor <B>maligno</B> de la vejiga'], [u'HERNAN JACINTO DE JESUS ECHEVERRY.pdf', u'pathologyIndexer_Data/HERNAN JACINTO DE JESUS ECHEVERRY.pdf', u' de 2015 a las 10:36\nDX principal\nC61X TUMOR <B>MALIGNO</B> DE LA PROSTATA\nObservaciones\nCADEPROSTATA T2?N0M0']]
INFO[08/29/2017 04:40:28 PM]: Renderizando template de busqueda con resultado
INFO[08/29/2017 04:40:28 PM]: 127.0.0.1 - - [29/Aug/2017 16:40:28] "POST /search HTTP/1.1" 200 -
INFO[08/29/2017 04:41:04 PM]: Ingresando en la peticion para busqueda
INFO[08/29/2017 04:41:04 PM]: palabra buscada: Tumor maligno de la vejiga
INFO[08/29/2017 04:41:04 PM]: Obteniendo ambiente de lucene en busqueda
INFO[08/29/2017 04:41:04 PM]: Creando hilo en el ambiente en busqueda
INFO[08/29/2017 04:41:04 PM]: Llamando a SimpleFSDirectory
INFO[08/29/2017 04:41:04 PM]: Llamando a IndexSearcher
INFO[08/29/2017 04:41:04 PM]: Llamando a StandardAnalyzer
INFO[08/29/2017 04:41:04 PM]: Buscando palabra: Tumor maligno de la vejiga
INFO[08/29/2017 04:41:05 PM]: Obteniendo la lista de nombres: [[u'MARIA VICTORIA CUCALON TRUJILLO.pdf', u'pathologyIndexer_Data/MARIA VICTORIA CUCALON TRUJILLO.pdf', u' Final:   28/10/2016 1:14:43 p.m.\n\nDx -  Descripci\xf3n y Tipo DX\nC679 - "<B>Tumor</B> <B>maligno</B> <B>de</B> <B>la</B> <B>vejiga</B>... Tipo DX\nC679 - <B>TUMOR</B> UROTELIAL <B>DE</B> <B>VEJIGA</B> "   -\n\nUROTAC CONTRASTADO POR <B>LA</B> PERSISTENCIA DEL SANGRADO....\nHora Final:   22/06/2016 9:52:48 a.m.\n\nDx -  Descripci\xf3n y Tipo DX\nD411 - <B>Tumor</B> <B>de</B> <B>la</B> pelvis renal'], [u'GLORIA AMPARO CRUZ ALZATE.pdf', u'pathologyIndexer_Data/GLORIA AMPARO CRUZ ALZATE.pdf', u' -  Descripci\xf3n y Tipo DX\nC679 - "<B>Tumor</B> <B>maligno</B> <B>de</B> <B>la</B> <B>vejiga</B> urinaria, parte no especificada"   -\n\nSE... LESIONES <B>DE</B>\nURETER DISTAL DERECHO Y <B>DE</B> OTRAS EN <B>LA</B> <B>VEJIGA</B> , ADEMAS  CALCULOS .\nPENDIENTE <B>LA</B> PATOLOGIA...%<B>DE</B>%<B>VEJIGA</B>%RECURRENTE%MUTIPLES%VECES,%HTA,%DIABETES\nTRAMIENTO%ACTUAL:%LOSARTAN,%GALVUSMET%,DOLEX'], [u'ALBERTO BOTERO TASCON .pdf', u'pathologyIndexer_Data/ALBERTO BOTERO TASCON .pdf', u'%<B>VEJIGA</B>%Y%ADENOCA%<B>DE</B>%PROSTATA\nTRATAMIENTO%ACTUAL:CISTOPROSTATECTOMIA%RADICAL%NEOVEJIGA%ORTOTOPICA...!A!<B>LA</B>!MICCION!Y!DOLOR!,!ENURESIS\nEXAMENES%<B>DE</B>%LABORATORIO:%(UROCULTIVO!NEGATIVO!,!PSA!MENOR!<B>DE</B>!0.010...!!NORMALES\nTR:!NO!MASAS!,!NO!NODULOS\n\nEXAMEN%FISICO:\n\nDx -  Descripci\xf3n y Tipo DX\nC679 - CA <B>DE</B> <B>VEJIGA</B>'], [u'MARIA CLARA DOMINGUEZ.pdf', u'pathologyIndexer_Data/MARIA CLARA DOMINGUEZ.pdf', u'!,!IZQUIERDA!NEGATIVAS\n\nEXAMEN%FISICO:\n\nDx -  Descripci\xf3n y Tipo DX\nD414 - <B>Tumor</B> <B>de</B> comportamiento incierto o desconocido <B>de</B> <B>la</B> <B>vejiga</B>   -\n\nCITOLOGIA <B>DE</B> ORINA SERIADA #3 , UROCULTIVO , CISTOSCOPIA...%<B>VEJIGA</B>%RECURRENTE\nTRAMIENTO%ACTUAL:%RTU%<B>DE</B>%T%VESICAL%HACE%3%MESES\n\nCAUSA%<B>DE</B>%CONSULTA!:!!VIENE'], [u'HERNAN JACINTO DE JESUS ECHEVERRY.pdf', u'pathologyIndexer_Data/HERNAN JACINTO DE JESUS ECHEVERRY.pdf', u' <B>de</B> 2015 a las 10:36\nDX principal\nC61X <B>TUMOR</B> <B>MALIGNO</B> <B>DE</B> <B>LA</B> PROSTATA\nObservaciones\nCADEPROSTATA T2?N0M0... / Residencia 8923114 / O\ufb01cina , Edad: 73\nMotivo <B>de</B> <B>la</B> consulta\n18 <B>de</B> Junio <B>de</B> 2015 a las 10:20\nCA <B>DE</B>... NEGATIVA, UNA RMN QUE AL\nPARECER NO HAY COMPROMISO <B>DE</B> <B>LA</B> CAPSULA NI <B>DE</B> LAS VESICULAS SEMINALES , CO N UNA'], [u'pato2.pdf', u'pathologyIndexer_Data/pato2.pdf', u')\n\nRemitido con diagn\xf3stico cl\xednico <B>de</B> "<B>tumor</B> <B>maligno</B> del est\xf3mago, parte no especifica, lesi\xf3n... resultado debe ser interpretado por un profesional <B>de</B> <B>la</B> salud | <B>La</B> sigla N/A en un campo [no aplicable... profesional <B>de</B> <B>la</B> salud | <B>La</B> sigla N/A en un campo [no aplicable] significa que no ha sido \nnecesario'], [u'JULIO ANTONIO CANO .pdf', u'pathologyIndexer_Data/JULIO ANTONIO CANO .pdf', u' 2015\n14:58:48 C61X <B>TUMOR</B> <B>MALIGNO</B> <B>DE</B> <B>LA</B> PROSTATA\n\nPlan manejo\n\nCentro M\xe9dico Hip\xf3crates Av 2C Norte...\nNO!SE!HACE!TR!POR!1!MES!POSTQX\n\nEXAMEN%FISICO:\n\nDx -  Descripci\xf3n y Tipo DX\nC61X - <B>Tumor</B> <B>maligno</B> <B>de</B> <B>la</B>...-5m-2d       Sexo M\nTipo <B>de</B> Atenci\xf3n:  Consulta\nFirma Digital:  ENRIQUE ALBERTO USUBILLAGA MOSCOSO'], [u'LUIS CARLOS POTES BECERRA.pdf', u'pathologyIndexer_Data/LUIS CARLOS POTES BECERRA.pdf', u' <B>maligno</B> <B>de</B> <B>la</B> pr\xf3stata   -\n\nELIGARD 22.5(ACETATO <B>DE</B> LEUPROLIDE ) , SE LLENA CTC\nCONTROL EN TRES MESES..., TESTOTERONA TOTAL 2.3, GAMAGRAFIA OSEA CORPORAL CON RESOLUCION <B>DE</B> <B>LA</B> LESION , NO\nSIGNOS <B>DE</B> METASTASIS...\n\nHistoria  No. 6238569\nLuis  Carlos Potes Becerra\nDocumento :  6238569\nEdad  72a-6m-18d       Sexo M\nTipo <B>de</B>'], [u'LUIS EDUARDO CORREA RODRIGUEZ.pdf', u'pathologyIndexer_Data/LUIS EDUARDO CORREA RODRIGUEZ.pdf', u'%TRIGONO\nOCLUSIVO%PARCIALMENTE\nEXAMEN%FISICO:\n\nDx -  Descripci\xf3n y Tipo DX\nC61X - <B>Tumor</B> <B>maligno</B> <B>de</B> <B>la</B>... A\xd1OS , TR PARA UN CA <B>DE</B>\nPROSTATA LOCALMENTE INVASOR , POR  <B>LA</B> EDAD NO CONSIDERO UNA BX TRANSRECTAL...-4d       Sexo M\nTipo <B>de</B> Atenci\xf3n:  Consulta\nFirma Digital:  ENRIQUE ALBERTO USUBILLAGA MOSCOSO'], [u'ALVARO NARANJO POVEDA.pdf', u'pathologyIndexer_Data/ALVARO NARANJO POVEDA.pdf', u' HORMONOSENSIBLE   -\nN319 - <B>VEJIGA</B> HIPERACTIVA    -\nN320 - Obstrucci\xf3n <B>de</B> cuello <B>de</B> <B>la</B> <B>vejiga</B> ?   -\n\nPSA... DESCARTAR FACTOR OBSTRUCTIVO , SI ES UNA <B>VEJIGA</B> HIPERACTIVA IDEIPATICA SEGUN <B>LA</B>\nPRESION <B>DE</B>...!OLOR!!EN!<B>LA</B>!ORINA!QUE!CEDIO!CON!MONURIL!!,!TIENE!DXCO!<B>DE</B>!CA!<B>DE</B>!PROSTATA!EN!TRATAMIENTO!CON\nZOLADEX'], [u'GABRIEL OCHOA URIBE.pdf', u'pathologyIndexer_Data/GABRIEL OCHOA URIBE.pdf', u' HORMONOSENSIBLE   -\nN319 - <B>VEJIGA</B> HIPERACTIVA    -\nN320 - Obstrucci\xf3n <B>de</B> cuello <B>de</B> <B>la</B> <B>vejiga</B> ?   -\n\nPSA... DESCARTAR FACTOR OBSTRUCTIVO , SI ES UNA <B>VEJIGA</B> HIPERACTIVA IDEIPATICA SEGUN <B>LA</B>\nPRESION <B>DE</B>...!OLOR!!EN!<B>LA</B>!ORINA!QUE!CEDIO!CON!MONURIL!!,!TIENE!DXCO!<B>DE</B>!CA!<B>DE</B>!PROSTATA!EN!TRATAMIENTO!CON\nZOLADEX'], [u'EDUARDO BENITEZ CAMPO.pdf', u'pathologyIndexer_Data/EDUARDO BENITEZ CAMPO.pdf', u' -  Descripci\xf3n y Tipo DX\nN40X - Hiperplasia <B>de</B> <B>la</B> pr\xf3stata   -\nR31X - MICROHEMATURIA   -\n\nECO <B>DE</B> VIA URINARIA... ESTARA ASINTOMATICO ,ALGO <B>DE</B> HESITANCIA CON <B>VEJIGA</B> LLENA , TRAE UN ARMN QUE MUESTRA UN\nHPB <B>DE</B> 88 CC.\nPLAN...  No. 16693835\nEduardo  Benitez Campo\nDocumento :  16693835\nEdad  52a-11m-26d       Sexo M\nTipo <B>de</B>'], [u'JORGE ARTURO RESTREPO BEDOYA.pdf', u'pathologyIndexer_Data/JORGE ARTURO RESTREPO BEDOYA.pdf', u'\nQUIRURGICOS:NO\nTRAUMATICOS:%%NO,%TOXICOS%:%NO\nANTECEDENTES%FAMILIARES:%NO!REFIERE!!CA!<B>DE</B>!PROSTATA!EN!<B>LA</B>... A CONTROL , ASINTOMAITCO , <B>LA</B> PATOLOGIA MUESTRA UN ADENOCA <B>DE</B> PROSTATA GLEASON 4+3=7 33\n% <B>DE</B> <B>LA</B> GLANDULOA, COMPROMISO <B>DE</B> CAPSULA Y URETRA.GANGLIOS NEGATIVOS (17)\nSE RETIRA <B>LA</B> SONDA VESICAL Y LOS PUNTOS'], [u'HERNANDO VIDARTE.pdf', u'pathologyIndexer_Data/HERNANDO VIDARTE.pdf', u'. POR <B>LA</B> PERSISTENCIA <B>DE</B> <B>LA</B> BACTERIURIA PLAN:\nSOLICITO UN ECO <B>DE</B> <B>VEJIGA</B> PARA MEDIR RESIDUO POST MICCION... 0.86\nTR: SE PALAPA UNA MASA BLANDA SOBRE EL AREA DONDE ESTABA <B>LA</B> PROSTATA , QUE PODRIA TATARSE <B>DE</B>\nUNA... DIFICULTAD , HAY HESITANCIA PAR <B>LA</B> MICCION.\nRECIBIO ZOLADEX EL 10 <B>DE</B> ENERO 2017\nPLAN: UROCULTIVO'], [u'pato4.pdf', u'pathologyIndexer_Data/pato4.pdf', u' sentido anteroposterior es 5.0 cm. El \nancho del esp\xe9cimen a nivel f\xfandico es <B>de</B> 7.0 cm. Desde <B>la</B> parte m\xe1s externa del c\xe9rvix hasta <B>la</B> parte m\xe1s externa del \nfondo mide 10.0 cm <B>de</B> longitud. El c\xe9rvix tiene un ancho <B>de</B> 2.0 cm. <B>La</B> cavidad uterina, medida desde <B>la</B> uni\xf3n exo-\nendocervical hasta el fondo <B>de</B>'], [u'pato3.pdf', u'pathologyIndexer_Data/pato3.pdf', u' interpretado por un profesional <B>de</B> <B>la</B> salud | <B>La</B> sigla N/A en un campo [no aplicable] significa que no ha sido... | recepcion@mjnco.com\n\nEste resultado debe ser interpretado por un profesional <B>de</B> <B>la</B> salud | <B>La</B> sigla N... resultado debe ser interpretado por un profesional <B>de</B> <B>la</B> salud | <B>La</B> sigla N/A en un campo [no aplicable'], [u'MANUEL HUMBERTO ORTIZ.pdf', u'pathologyIndexer_Data/MANUEL HUMBERTO ORTIZ.pdf', u',\n\nEXAMEN%FISICO:\n\nDx -  Descripci\xf3n y Tipo DX\nN40X - Hiperplasia <B>de</B> <B>la</B> pr\xf3stata   -\n\nOBSERVACION... ANTECEDENTE <B>DE</B> CA <B>DE</B> PROSTATA EN <B>LA</B> FAMILIA , CONSIDERO REALIZAR\nUNA RMN <B>DE</B> PELVIS Y PROSTATA .\n\nFirmado...,  LIGERA HEMATURIA INICIAL, EL\nRESULTADO <B>DE</B> <B>LA</B> BX MOSTRO UN ADENOCA <B>DE</B> PROSTATA GLEASON 4+4=8 EN'], [u'OSCAR JAIME MARTHAN RODRIGUEZ.pdf', u'pathologyIndexer_Data/OSCAR JAIME MARTHAN RODRIGUEZ.pdf', u':\nQUIRURGICOS:\nTRAUMATICOS:%%NO,%TOXICOS%:%NO\nANTECEDENTES%FAMILIARES:%NO!REFIERE!!CA!<B>DE</B>!PROSTATA!EN!<B>LA</B>... PELVIS CON LESION EN <B>LA</B> BASE <B>DE</B> PROSTATA CON COMPROMISO <B>DE</B> CAPSULA\nPROSTATICA.\nAL TACTO ENCUENTRO UNA... LOS RIESGOS Y COMPLICACIONES\nINTRA Y POST QX. , ESTE PACIENTE CONSIDERO  SI <B>LA</B> RMN <B>DE</B> <B>LA</B> COLUMNA'], [u'CARLOS ARMANDO GUERRERO.pdf', u'pathologyIndexer_Data/CARLOS ARMANDO GUERRERO.pdf', u',!NO!PALPO!NODULOS\n\nEXAMEN%FISICO:\n\nDx -  Descripci\xf3n y Tipo DX\nN40X - Hiperplasia <B>de</B> <B>la</B> pr\xf3stata... LESION SOSPECHOSA EEN LOBULO ZIQUIERDO QUE ABOMBA <B>LA</B> CAPSULA PROSTATA.\nSE REALZA CON EL MEDIO <B>DE</B>.... 11060\n\nTipo <B>de</B> Atenci\xf3n:  Consulta\nFirma Digital:  ENRIQUE ALBERTO USUBILLAGA MOSCOSO\nTOMO <B>LA</B>'], [u'HARRY GARCIA SAAVEDRA.pdf', u'pathologyIndexer_Data/HARRY GARCIA SAAVEDRA.pdf', u':  Consulta\nFirma Digital:  ENRIQUE ALBERTO USUBILLAGA MOSCOSO\nVIENE A CONTROL MEJOR <B>DE</B> <B>LA</B> CONTINENCIA... <B>DE</B> PROSTATECTOMIA RADICAL ACUSA QUE <B>LA</B> ERECCION ES DEBIL CON EL TRATAMIENTO\nORAL, SE INDICA BIMIX...:  ENRIQUE ALBERTO USUBILLAGA MOSCOSO\nSE LE EXPLICA <B>LA</B> APLICACION <B>DE</B> BIMIX INTRACAVERNOSA\n\nFirmado'], [u'NELSON GIRALDO CARDONA.pdf', u'pathologyIndexer_Data/NELSON GIRALDO CARDONA.pdf', u'!DISMINUIDO!,!ADEMAS\nPERDIDA!<B>DE</B>!<B>LA</B>!ERECCION!RAPIDA!,!NO!COMPROMISO!<B>DE</B>!<B>LA</B>!LIBIDO!!,!EECCIONES...!PROSTATA!EN!<B>LA</B>!FAMILIA\nREVISION%<B>DE</B>%SISTEMAS%:%SNC:(5)!ORL:(5)!!RESPIRATORIO(5)!!CARDIOVASCULAR!:(5...\n\n\x0cHISTORIA CL\xcdNICA No. 14995107\nNELSON  GIRALDO  CARDONA\n\nP\xe1g ...  2\n\n<B>LA</B> RMN <B>DE</B> PELVIS Y PROSTATA CON'], [u'FERNANDO HERRERA TOBON.pdf', u'pathologyIndexer_Data/FERNANDO HERRERA TOBON.pdf', u' <B>de</B> <B>la</B> consulta\n17 <B>de</B> Junio <B>de</B> 2015 a las 10:33\nVIENE A CHEQUEO UROLOGICO\nNotas\n25 <B>de</B> Agosto <B>de</B> 2015... <B>LA</B> PROSTATA\nObservaciones\nPROSTATITIS\n29 <B>de</B> Julio <B>de</B> 2015 a las 09:58\nPlan manejo\n17 <B>de</B> Junio <B>de</B> 2015... USUBILLAGA MOSCOSO\nREVISION <B>DE</B> EXAMENES: <B>LA</B> GAMAGRAFIA OSEA ES NEGATIVA PARA METASTASIS\nPUEDE'], [u'JOSE ALOMIA VILLAREAL.pdf', u'pathologyIndexer_Data/JOSE ALOMIA VILLAREAL.pdf', u'!!CHORRO!BUENO!,!!HA!MEJORADO!<B>DE</B>!<B>LA</B>!IUE!,!USA!2!PA\xd1ALES!DIARIOS!,!CON!EL!EJERCICIO\nAUMENTA!<B>LA</B>!IUE...)    -   Repetido\n\nTAC ABDOMINO PELVICO  <B>DE</B> 3 FASES PREVIA CREATININA\nCONTINUAR CON <B>LA</B> BICALUTAMIDA... ALBERTO USUBILLAGA MOSCOSO\nPSA SE ESTA SUBIENDO MUY RAPIDO A PEAR <B>DE</B> <B>LA</B> HORMONOTERAPIA , POR ESTO'], [u'ALONSO ABAD GONZALEZ.pdf', u'pathologyIndexer_Data/ALONSO ABAD GONZALEZ.pdf', u'%FAMILIARES:%NO!REFIERE!!CA!<B>DE</B>!PROSTATA!EN!<B>LA</B>!FAMILIA\nREVISION%<B>DE</B>%SISTEMAS%:%SNC:(E)!ORL:(E)!!RESP.(E...  ABAD GONZALEZ\n\nP\xe1g ...  2\n\nSE OPERO HACE 18 DIAS , BUENA EVOLUCION, VIENE PARA RETIRO <B>DE</B> <B>LA</B> SONDA...  No. 4313867\nAlonso  Abad Gonzalez\nDocumento :  4313867\nEdad  78a-2m-28d       Sexo M\nTipo <B>de</B> Atenci\xf3n'], [u'HECTOR HERNAN VASQUEZ OLAYA.pdf', u'pathologyIndexer_Data/HECTOR HERNAN VASQUEZ OLAYA.pdf', u' Tipo DX\nN40X - H.P.B.   -\n\nPOR <B>LA</B> ELVACION DEL PSA Y EL INICE  PROSTATICO DEBAJO <B>DE</B> 0.15 SOLICITO... DIAS ANTES <B>DE</B> <B>LA</B> DOSIS <B>DE</B> ZOLADEX ( NO ANTECEDENTE <B>DE</B>\nPATOLOGIA CARDIACA )\n          CONTINUAR... RADIOTERAPIA <B>DE</B> PROSTATA POR ADENOCA , HACE 2 MESES SE APLICO <B>LA</B> ULTIMA\nDOSIS, ADEMAS TOMA TAMSULOSINA Y'], [u'LUIS MARTINEZ OSPINA.pdf', u'pathologyIndexer_Data/LUIS MARTINEZ OSPINA.pdf', u'!CON!EPIDIDIMOS!!NORMALES\nTR:AUSENCIA!<B>DE</B>!<B>LA</B>!!PROSTATA!POR!CIRUGIA!RADICAL,!NO!MASAS!,!NO!NODULOS..., PARA <B>LA</B> HEMATURIA POR CISTITIS ACTINICA SE HARA INTILACIONES <B>DE</B> HIALURIL\n\nFirmado electr\xf3nicamente... ,REFIERE QUE NO HAY ERECCIONES , HAY RECURRENCIA <B>DE</B> <B>LA</B> IUE USA 2 PROTECTORES AL DIA Y SE\nMOJA MAS EN <B>LA</B>'], [u'pato1.pdf', u'pathologyIndexer_Data/pato1.pdf', u': 554-6760 | recepcion@mjnco.com\n\nEste resultado debe ser interpretado por un profesional <B>de</B> <B>la</B>... BAS BPS VAR X1+EST COL BAS BPS UNA X1\n\nComfandi\n\nFecha entrega: viernes, 13 <B>de</B> Mayo <B>de</B> 2016\n\nEdad\n\n43... epitelio escamoso.  \nEsp\xe9cimen B) Fragmentos <B>de</B> gl\xe1ndulas endocervicales sueltos <B>de</B> aspecto \nnormal'], [u'JAVIER CAMPO SOTO.pdf', u'pathologyIndexer_Data/JAVIER CAMPO SOTO.pdf', u' - Hiperplasia <B>de</B> <B>la</B> pr\xf3stata VS CA <B>DE</B> PROSTATA   -\n\nRMN <B>DE</B> PELVIS Y PROSTATA CON GADOLINIO\n\nFirmado... , LIGERA DISMINUCION DEL CHORRO,NO TOMA TTO PARA <B>LA</B>\nHPB, TRAE UN PSA 8.0 SUBIO <B>DE</B> 6.0\nAL TACTO...:  ENRIQUE ALBERTO USUBILLAGA MOSCOSO\nRMN <B>DE</B> PELVIS Y PROSTATA SUGIEREN UNA LESION SOSPECHOSA EN <B>LA</B>'], [u'FERNANDO TOBAR DELGADO .pdf', u'pathologyIndexer_Data/FERNANDO TOBAR DELGADO .pdf', u' ANDROGENICO COMPLETO <B>DE</B> ORQUIDECTOMIA MAS <B>LA</B>\nBICALUTAMIDA . CONTROL EN 3 MESES\n\nFecha :  10-feb-2016     9:21... SU DOLOR <B>DE</B> REGION LUMBOSACRA ANTE <B>LA</B> SOSPECHA <B>DE</B> METASTASIS\nOSEA SE SOLICITA UNA GAMAGRAFIA OSEA... CONTROLADO ESTRICTAMENTE . SI HAY EVIDENCIA <B>DE</B> PROGRESION <B>DE</B> <B>LA</B> ENFERMEDAD\nSE REMITE  A QUIMIO ( DRA MARCELA'], [u'CARLOS FRANCISCO HURTADO .pdf', u'pathologyIndexer_Data/CARLOS FRANCISCO HURTADO .pdf', u'!<B>LA</B>!FAMILIA\nREVISION%<B>DE</B>%SISTEMAS%:%SNC:(>)!ORL:(>)!!RESP.(>)!!CARDIO.!:(>)!!!DIGESTIVO:!(>)!G.U...!!NORMAL!,\nTESTICULOS!DERECHO!!AUMENTADO!<B>DE</B>!TAMA\xd1O!ENDURECIDO!CON!PERDIDA!<B>DE</B>!<B>LA</B>!ARQUITECTURA!!TESTICULAR... TRAUMATICO Y QUE EL TESTICULO ESTA AUMENTADO <B>DE</B> TAMA\xd1O , <B>LA</B> POSIBILIDAD <B>DE</B> UN\nCA <B>DE</B> TESTICULO, SE'], [u'VICTOR HUGO SANABRIA LOPEZ.pdf', u'pathologyIndexer_Data/VICTOR HUGO SANABRIA LOPEZ.pdf', u'!BUENA!RESPUESTA!EN!<B>LA</B>!ERECCION!PERO\nTIENE!MUCHA!CEFALEA!,!LE!VA!MEJOR!CON!<B>LA</B>!INYECCION!<B>DE</B>!BIMIX...-22d       Sexo M\nTipo <B>de</B> Atenci\xf3n:  Consulta\nFirma Digital:  ENRIQUE ALBERTO USUBILLAGA MOSCOSO\n\nFecha :  12-dic-2016     4:52:04 p.m.\nHora Final:   12/12/2016 5:06:06 p.m.\n\nCAUSA%<B>DE</B>%CONSULTA!:!!VIENE'], [u'FRANCISCO JOSE PALAU ALVAROGONZALEZ.pdf', u'pathologyIndexer_Data/FRANCISCO JOSE PALAU ALVAROGONZALEZ.pdf', u' ABDOMINO PELVICO PREVIO A <B>LA</B> RADIOTERPIA <B>DE</B> RESCATE\n           VALORACION POR RADIONCOLOGIA <B>DE</B>...       Sexo M\nTipo <B>de</B> Atenci\xf3n:  Consulta\nFirma Digital:  ENRIQUE ALBERTO USUBILLAGA MOSCOSO\n\nDXCO%PREVIO:%CA%PROSTATA%OPEADO%HACE%3%A\xd1OS%<B>DE</B>%PROSTATECTOMIA%RADICAL\nTRATAMIENTO%ACTUAL:%QUINAPRIL'], [u'SERGIO MORENO PE\xd1A.pdf', u'pathologyIndexer_Data/SERGIO MORENO PE\xd1A.pdf', u' POR EL DR DUQUE EN <B>LA</B> FUNDACION VALLE <B>DE</B> LILI, QUIEN LE HIZO <B>LA</B> BX\n<B>DE</B> PROSTATA MUESTRA UN ADENOCA...  No. 14438494\nSergio Ignacio Moreno Pe\xf1a\nDocumento :  14438494\nEdad  73a-1m-3d       Sexo M\nTipo <B>de</B> Atenci\xf3n:  Consulta\nFirma Digital:  ENRIQUE ALBERTO USUBILLAGA MOSCOSO\n\nCAUSA%<B>DE</B>%CONSULTA!:!!CONSULTA'], [u'ALVARO BRYON JIMENEZ.pdf', u'pathologyIndexer_Data/ALVARO BRYON JIMENEZ.pdf', u'\n           MANEJO <B>DE</B> <B>LA</B> PATOLOGIA <B>DE</B> <B>LA</B> PIEL POR DERMATOLOGIA\n\nFecha :  6-sept-2016     3:25:10 p.m.\nHora Final... A CONTROL , REFIERE QUE HAY UNA LESIONES TIPO URTICARIA CON RONCHAS EN <B>LA</B> PIEL <B>DE</B> LOS\nBRAZOS , TRAE UN PSA...\n\nHistoria  No. 6070293\nAlvaro  Brion Jimenez\nDocumento :  6070293\nEdad  96a-4m-22d       Sexo M\nTipo <B>de</B>'], [u'EDUARDO LAURITZEN LOPEZ.pdf', u'pathologyIndexer_Data/EDUARDO LAURITZEN LOPEZ.pdf', u'%FAMILIARES:%NO!REFIERE!!CA!<B>DE</B>!PROSTATA!EN!<B>LA</B>!FAMILIA\nREVISION%<B>DE</B>%SISTEMAS%:%SNC:(=)!ORL:(=)!!RESPIRATORIO... LOBULO DERECHO 40% ,LOBULO IZQUIERDO 4+5=9 60% <B>DE</B> <B>LA</B> MUESTRA , NO\nCOMPROMISO <B>DE</B> BORDES  NI GANGLIOS..., NO HAY IUE , NO HEMATURIA , MEJOR <B>DE</B> <B>LA</B> BALANITIS\nMICOTICA.\nPLAN: BATEN 150 , DOMEBORO LOCAL'], [u'GUSTAVO ADOLFO MORENO PRADO.pdf', u'pathologyIndexer_Data/GUSTAVO ADOLFO MORENO PRADO.pdf', u' - Hiperplasia <B>de</B> <B>la</B> pr\xf3stata   -   Impresi\xf3n Diagn\xf3stica\nN411 - Prostatitis cr\xf3nica   -   Impresi\xf3n... <B>DE</B> <B>LA</B> PROSTATA , NO HAY DOLOR , MEJOR EL CHORRO\nCITA EN 3 M ESES CON PSA , CONTINNUAR TAMSULON...:  Consulta\nFirma Digital:  ENRIQUE ALBERTO USUBILLAGA MOSCOSO\nRESULTADO <B>DE</B> <B>LA</B> BX <B>DE</B> PROSTATA MOSTRO UN'], [u'CARLOS ALBERTO AGUIRRE MOLINA.pdf', u'pathologyIndexer_Data/CARLOS ALBERTO AGUIRRE MOLINA.pdf', u' SE FORMULA UN MES ANTES PARA\nQUE TENGA <B>LA</B> OPORTUNIDAD <B>DE</B> RECIBIR CON EXACTITUD EN <B>LA</B> FECHA QUE ESTA... M\nTipo <B>de</B> Atenci\xf3n:  Consulta\nFirma Digital:  ENRIQUE ALBERTO USUBILLAGA MOSCOSO\n\n: Coomeva...%PREVIO:%CA%<B>DE</B>%PROSTATA%EN%TTO%CON%HOMONOTERAPIA\nTRAMIENTO%ACTUAL:%ZOLADEX%10.8%CADA%3%MESES\n\nCAUSA'], [u'GUILLERMO LEON ARELLANO.pdf', u'pathologyIndexer_Data/GUILLERMO LEON ARELLANO.pdf', u'\nVIENE A CONTROL ACUSA ALGO <B>DE</B> MAREO EN <B>LA</B> TARDE . PSA 1.9 ( BAJO NOTABLEMENTE )\nNO SINTOMAS URINARIOS...       Sexo M\nTipo <B>de</B> Atenci\xf3n:  Consulta\nFirma Digital:  ENRIQUE ALBERTO USUBILLAGA MOSCOSO\n\nDXCO%PREVIO:%CA%<B>DE</B>%PROSTATA%RESISTENTE%A%CASTRACION\nTRATAMIENTO%ACTUAL:%ELIGARD%22.5%,%ZYTIGA%1%GR%DIA%Y'], [u'WALTER DARIO ULLOA.pdf', u'pathologyIndexer_Data/WALTER DARIO ULLOA.pdf', u' , CONTROL CON EL RESULTADO <B>DE</B> <B>LA</B> BX\n\nFirmado electr\xf3nicamente por\nENRIQUE ALBERTO USUBILLAGA MOSCOSO\nUr\xf3logo...:  ENRIQUE ALBERTO USUBILLAGA MOSCOSO\nSE OPERO HACE 2I DIAS <B>DE</B> P ROSTATECTOMIA RADICAL , SE RETIRA <B>LA</B> SONDA HOY SIN DIFICULTAD HAY IUE ,\nSE REVISA <B>LA</B> PATOLOGIA Y TIENE UN ADENOCARCINOMA  <B>DE</B> PROSTATA'], [u'ALBERTO VALENCIA RIVERA.pdf', u'pathologyIndexer_Data/ALBERTO VALENCIA RIVERA.pdf', u'%FAMILIARES:%NO!REFIERE!!CA!<B>DE</B>!PROSTATA!EN!<B>LA</B>!FAMILIA\nREVISION%<B>DE</B>%SISTEMAS%:%SNC:(G)!ORL:(G)!!RESP.(G...\nTipo <B>de</B> Atenci\xf3n:  Consulta\nFirma Digital:  ENRIQUE ALBERTO USUBILLAGA MOSCOSO\n\nFecha :  7-abr-2017     3:56:07 p.m.\nHora Final:   7/04/2017 4:18:18 p.m.\n\nCAUSA%<B>DE</B>%CONSULTA!:!!CONSULTA!PRIMERA!VEZ'], [u'OSCAR ESPINAL LOPEZ.pdf', u'pathologyIndexer_Data/OSCAR ESPINAL LOPEZ.pdf', u'!REGULAR!LISA,!NO!SE!PALPAN!NODULOS\n\nEXAMEN%FISICO:\n\nDx -  Descripci\xf3n y Tipo DX\nN40X - Hiperplasia <B>de</B> <B>la</B>... USUBILLAGA MOSCOSO\nPOR NEFROLOGIA NO CONTRINDICA <B>LA</B> RMN <B>DE</B> PELVIS Y PROSTATA CON GADOLINIO\n\nHora Final...  No. 16626422\nOscar  Espinal Lopez\nDocumento :  16626422\nEdad  58a-4m-21d       Sexo M\nTipo <B>de</B>'], [u'JOSE HERNAN SOLARTE PAZ.pdf', u'pathologyIndexer_Data/JOSE HERNAN SOLARTE PAZ.pdf', u'\nANTECEDENTES%FAMILIARES:%NO!REFIERE!!CA!<B>DE</B>!PROSTATA!EN!<B>LA</B>!FAMILIA\nREVISION%<B>DE</B>%SISTEMAS%:%SNC:(C)!ORL:(C)!!RESP...  T.P. 6634-84\n\nDirecci\xf3n : Condominio Campestre <B>La</B> Acuarela\nTel\xe9fono\nOcupaci\xf3n :\nEntidad...  86a-6m-12d       Sexo M\nTipo <B>de</B> Atenci\xf3n:  Consulta\nFirma Digital:  ENRIQUE ALBERTO USUBILLAGA'], [u'JAIME SOLANO HERRERA.pdf', u'pathologyIndexer_Data/JAIME SOLANO HERRERA.pdf', u' - Hiperplasia <B>de</B> <B>la</B> pr\xf3stata   -\n\nCONTROL EN 3 MESES SI SIGUE SUBIENDO UNA RMN <B>DE</B> CONTROL\n\nFirmado... ESPERA EL PSA Y <B>LA</B> EVOLUCION <B>DE</B> <B>LA</B> CONTINENCIA\nURINARIA.\n\nFecha :  6-sept-2016     2:36:18 p.m...       Sexo M\nTipo <B>de</B> Atenci\xf3n:  Consulta\nFirma Digital:  ENRIQUE ALBERTO USUBILLAGA MOSCOSO\n\nDirecci\xf3n'], [u'CARLOS MANUEL SERRANO .pdf', u'pathologyIndexer_Data/CARLOS MANUEL SERRANO .pdf', u' :  17071431\nEdad  74a-2m-2d       Sexo M\nTipo <B>de</B> Atenci\xf3n:  Consulta\nFirma Digital:  ENRIQUE ALBERTO USUBILLAGA MOSCOSO\n\nCAUSA%<B>DE</B>%CONSULTA!:!!VIENE!A!CONTROL\nENFERMEDAD%ACTUAL:NO!SINTOMAS!URINARIOS!,!PARA!<B>LA</B>...%PREVIO:%CA%<B>DE</B>%PROSTATA%QX%2%Y%MEDIO%A\xd1OS%,%PATOLOGIA%%ADENOCA%GLEASON%3+3=6%T2bNoMo%BORSE\nLIBRES'], [u'CARLOS ANIBAL ARCILA BOTERO.pdf', u'pathologyIndexer_Data/CARLOS ANIBAL ARCILA BOTERO.pdf', u'!PATRON!MICCIONAL,!ERECCIONES!DEBILES!SE!AYUDA!CON!<B>LA</B>\nBOMBA!<B>DE</B>!VACIO!MAS!EL!SILDENAFIL\nEXAMENES%<B>DE</B>...  No. 6156682\nCarlos Anibal Arcila Botero\nDocumento :  6156682\nEdad  70a-10m-13d       Sexo M\nTipo <B>de</B> Atenci\xf3n:  Consulta\nFirma Digital:  ENRIQUE ALBERTO USUBILLAGA MOSCOSO\n\nDXCO%PREVIO:%CA%<B>DE</B>%PROSTATA'], [u'MARIO CIFUENTES ORTIZ.pdf', u'pathologyIndexer_Data/MARIO CIFUENTES ORTIZ.pdf', u' BAJO A 0.012\nCONSIDERO POR <B>LA</B> CALIDAD <B>DE</B> VIDA TERAPIA INTERMITENTE .PSA EN 3 MESES\n\nHora Final:   3/05...\n\n: Suramericana <B>De</B> Seguros\n\nFecha :  12-nov-2015     11:58:29 a.m.\nHora Final:   12/11/2015 12:16:29 p.m... <B>de</B> Atenci\xf3n:  Consulta\nFirma Digital:  ENRIQUE ALBERTO USUBILLAGA MOSCOSO\n\nDXCO%PREVIO:%CA%<B>DE</B>%PROSATA'], [u'EDUARDO RUEDA BILBAO.pdf', u'pathologyIndexer_Data/EDUARDO RUEDA BILBAO.pdf', u' LINFADENECTOMIA ,\nSOLICITO UNA RMN <B>DE</B> PELVIS Y PROSTATA CON GADOLINIO  QUE SE PUEDE REALIZAR A LOS 6 SEMANAS <B>DE</B> <B>LA</B>...\nTipo <B>de</B> Atenci\xf3n:  Consulta\nFirma Digital:  ENRIQUE ALBERTO USUBILLAGA MOSCOSO\n\nFecha :  28-feb-2017     4:27:23 p.m.\nHora Final:   28/02/2017 4:56:05 p.m.\n\nCAUSA%<B>DE</B>%CONSULTA!:!!CONSULTA!PRIMERA!VEZ'], [u'OSCAR F COLORADO.pdf', u'pathologyIndexer_Data/OSCAR F COLORADO.pdf', u'\nQUIRURGICOS:NO\nTRAUMATICOS:%%NO,%TOXICOS%:%NO\nANTECEDENTES%FAMILIARES:%NO!REFIERE!!CA!<B>DE</B>!PROSTATA!EN!<B>LA</B>...  No. 16702476\nOscar Freddy Colorado Cervantes\nDocumento :  16702476\nEdad  53a-4m-20d       Sexo M\nTipo <B>de</B> Atenci\xf3n:  Consulta\nFirma Digital:  ENRIQUE ALBERTO USUBILLAGA MOSCOSO\n\nCAUSA%<B>DE</B>%CONSULTA!:!!CONSULTA'], [u'JAIRO SOTO TORRES.pdf', u'pathologyIndexer_Data/JAIRO SOTO TORRES.pdf', u' - CA <B>DE</B>  pr\xf3stata   -\n\nANTE EL RIESGO CLINICO POR EL DOLOR ILIACO IZQUIERDO Y <B>LA</B> GAMAGRAFIA SOSPECHOSA...\nDocumento :  14444917\nEdad  63a-4m-13d       Sexo M\nTipo <B>de</B> Atenci\xf3n:  Consulta\nFirma Digital:  ENRIQUE... a.m.\nHora Final:   23/12/2015 12:16:11 p.m.\n\nCAUSA%<B>DE</B>%CONSULTA!:!!CONSULTA!PRIMERA!VEZ\nENFERMEDAD'], [u'MARCOS MARINO CARRILLO GORDILLO.pdf', u'pathologyIndexer_Data/MARCOS MARINO CARRILLO GORDILLO.pdf', u':%(CREATININA!1.52!,!PSA!0.61!,!BAJO!<B>DE</B>!0.72!)\nIM\xc1GENES%DIAGNOSTICAS:!(PEDIENTE!TAC!<B>DE</B>!TORAX!POR!<B>LA</B>!DRA!URREGO...\nEdad  74a-2m-8d       Sexo M\nTipo <B>de</B> Atenci\xf3n:  Consulta\nFirma Digital:  ENRIQUE ALBERTO USUBILLAGA...%<B>DE</B>%PROSTATA,%CA%RENAL\nTRATAMIENTO%ACTUAL:%SUNITINID%(DRA%URREGO)%ZOLADEX%10.8%MGRS%CADA%3%MESES']]
INFO[08/29/2017 04:41:05 PM]: Renderizando template de busqueda con resultado
INFO[08/29/2017 04:41:05 PM]: 127.0.0.1 - - [29/Aug/2017 16:41:05] "POST /search HTTP/1.1" 200 -
INFO[08/29/2017 04:47:01 PM]: Ingresando en la peticion para busqueda
INFO[08/29/2017 04:47:01 PM]: palabra buscada: folículo quístico
INFO[08/29/2017 04:47:01 PM]: Obteniendo ambiente de lucene en busqueda
INFO[08/29/2017 04:47:01 PM]: Creando hilo en el ambiente en busqueda
INFO[08/29/2017 04:47:01 PM]: Llamando a SimpleFSDirectory
INFO[08/29/2017 04:47:01 PM]: Llamando a IndexSearcher
INFO[08/29/2017 04:47:01 PM]: Llamando a StandardAnalyzer
INFO[08/29/2017 04:47:01 PM]: Buscando palabra: folículo quístico
INFO[08/29/2017 04:47:01 PM]: Obteniendo la lista de nombres: [[u'pato4.pdf', u'pathologyIndexer_Data/pato4.pdf', u' vaginal: sin compromiso. \nEsp\xe9cimen B) Histol\xf3gicamente normal. \nEsp\xe9cimen C) <B>Fol\xedculo</B> <B>qu\xedstico</B>, sin']]
INFO[08/29/2017 04:47:01 PM]: Renderizando template de busqueda con resultado
INFO[08/29/2017 04:47:01 PM]: 127.0.0.1 - - [29/Aug/2017 16:47:01] "POST /search HTTP/1.1" 200 -
INFO[08/29/2017 04:47:14 PM]: Ingresando en la peticion para busqueda
INFO[08/29/2017 04:47:14 PM]: palabra buscada: folículo quístico
INFO[08/29/2017 04:47:14 PM]: Obteniendo ambiente de lucene en busqueda
INFO[08/29/2017 04:47:14 PM]: Creando hilo en el ambiente en busqueda
INFO[08/29/2017 04:47:14 PM]: Llamando a SimpleFSDirectory
INFO[08/29/2017 04:47:14 PM]: Llamando a IndexSearcher
INFO[08/29/2017 04:47:14 PM]: Llamando a StandardAnalyzer
INFO[08/29/2017 04:47:14 PM]: Buscando palabra: folículo quístico
INFO[08/29/2017 04:47:14 PM]: Obteniendo la lista de nombres: [[u'pato4.pdf', u'pathologyIndexer_Data/pato4.pdf', u' vaginal: sin compromiso. \nEsp\xe9cimen B) Histol\xf3gicamente normal. \nEsp\xe9cimen C) <B>Fol\xedculo</B> <B>qu\xedstico</B>, sin']]
INFO[08/29/2017 04:47:14 PM]: Renderizando template de busqueda con resultado
INFO[08/29/2017 04:47:14 PM]: 127.0.0.1 - - [29/Aug/2017 16:47:14] "POST /search HTTP/1.1" 200 -
INFO[08/29/2017 04:47:19 PM]: Ingresando en la peticion para busqueda
INFO[08/29/2017 04:47:19 PM]: palabra buscada: folículo
INFO[08/29/2017 04:47:19 PM]: Obteniendo ambiente de lucene en busqueda
INFO[08/29/2017 04:47:19 PM]: Creando hilo en el ambiente en busqueda
INFO[08/29/2017 04:47:19 PM]: Llamando a SimpleFSDirectory
INFO[08/29/2017 04:47:19 PM]: Llamando a IndexSearcher
INFO[08/29/2017 04:47:19 PM]: Llamando a StandardAnalyzer
INFO[08/29/2017 04:47:19 PM]: Buscando palabra: folículo
INFO[08/29/2017 04:47:19 PM]: Obteniendo la lista de nombres: [[u'pato4.pdf', u'pathologyIndexer_Data/pato4.pdf', u' vaginal: sin compromiso. \nEsp\xe9cimen B) Histol\xf3gicamente normal. \nEsp\xe9cimen C) <B>Fol\xedculo</B> qu\xedstico, sin']]
INFO[08/29/2017 04:47:19 PM]: Renderizando template de busqueda con resultado
INFO[08/29/2017 04:47:19 PM]: 127.0.0.1 - - [29/Aug/2017 16:47:19] "POST /search HTTP/1.1" 200 -
INFO[08/29/2017 04:51:50 PM]: 127.0.0.1 - - [29/Aug/2017 16:51:50] "GET / HTTP/1.1" 200 -
